2024-09-25 13:24:05 [background-preinit] INFO  o.h.validator.internal.util.Version - HV000001: Hibernate Validator 8.0.1.Final
2024-09-25 13:24:05 [main] INFO  c.m.a.e.q.s.ElasticQueryServiceApplication - Starting ElasticQueryServiceApplication using Java 21.0.2 with PID 73402 (/Users/amanbhardwaj/Desktop/microservices-api/elastic-query-service/target/classes started by amanbhardwaj in /Users/amanbhardwaj/Desktop/microservices-api)
2024-09-25 13:24:05 [main] INFO  c.m.a.e.q.s.ElasticQueryServiceApplication - The following 1 profile is active: "elastic_query"
2024-09-25 13:24:05 [main] INFO  o.s.c.c.c.ConfigServerConfigDataLoader - Fetching config from server at : http://localhost:8888
2024-09-25 13:24:05 [main] INFO  o.s.c.c.c.ConfigServerConfigDataLoader - Located environment: name=elastic-query-service,config-client, profiles=[default], label=null, version=a6dea197a9c4669d543710e1bd3a959ae4075f6c, state=null
2024-09-25 13:24:05 [main] INFO  o.s.c.c.c.ConfigServerConfigDataLoader - Fetching config from server at : http://localhost:8888
2024-09-25 13:24:05 [main] INFO  o.s.c.c.c.ConfigServerConfigDataLoader - Located environment: name=elastic-query-service,config-client, profiles=[elastic_query], label=null, version=a6dea197a9c4669d543710e1bd3a959ae4075f6c, state=null
2024-09-25 13:24:05 [main] INFO  o.s.d.r.c.RepositoryConfigurationDelegate - Bootstrapping Spring Data Elasticsearch repositories in DEFAULT mode.
2024-09-25 13:24:05 [main] INFO  o.s.d.r.c.RepositoryConfigurationDelegate - Finished Spring Data repository scanning in 81 ms. Found 1 Elasticsearch repository interface.
2024-09-25 13:24:05 [main] INFO  o.s.d.r.c.RepositoryConfigurationDelegate - Bootstrapping Spring Data Reactive Elasticsearch repositories in DEFAULT mode.
2024-09-25 13:24:05 [main] INFO  o.s.d.r.c.RepositoryConfigurationDelegate - Finished Spring Data repository scanning in 6 ms. Found 0 Reactive Elasticsearch repository interfaces.
2024-09-25 13:24:05 [main] INFO  o.s.cloud.context.scope.GenericScope - BeanFactory id=2a0a4fb6-db52-3765-9ed9-577b30ec4290
2024-09-25 13:24:06 [main] INFO  o.s.b.w.e.tomcat.TomcatWebServer - Tomcat initialized with port 8183 (http)
2024-09-25 13:24:06 [main] INFO  o.a.coyote.http11.Http11NioProtocol - Initializing ProtocolHandler ["http-nio-8183"]
2024-09-25 13:24:06 [main] INFO  o.a.catalina.core.StandardService - Starting service [Tomcat]
2024-09-25 13:24:06 [main] INFO  o.a.catalina.core.StandardEngine - Starting Servlet engine: [Apache Tomcat/10.1.28]
2024-09-25 13:24:06 [main] INFO  o.a.c.c.C.[.[.[/elastic-query-service] - Initializing Spring embedded WebApplicationContext
2024-09-25 13:24:06 [main] INFO  o.s.b.w.s.c.ServletWebServerApplicationContext - Root WebApplicationContext: initialization completed in 886 ms
2024-09-25 13:24:06 [main] INFO  o.s.s.c.a.a.c.InitializeUserDetailsBeanManagerConfigurer$InitializeUserDetailsManagerConfigurer - Global AuthenticationManager configured with UserDetailsService bean with name userDetailsService
2024-09-25 13:24:06 [main] WARN  org.elasticsearch.client.RestClient - request [HEAD http://localhost:9200/twitter-index] returned 1 warnings: [299 Elasticsearch-7.17.4-79878662c54c886ae89206c685d9f1051a9d6411 "Elasticsearch built-in security features are not enabled. Without authentication, your cluster could be accessible to anyone. See https://www.elastic.co/guide/en/elasticsearch/reference/7.17/security-minimal-setup.html to enable security."]
2024-09-25 13:24:07 [main] INFO  o.a.coyote.http11.Http11NioProtocol - Starting ProtocolHandler ["http-nio-8183"]
2024-09-25 13:24:07 [main] WARN  o.s.b.w.s.c.AnnotationConfigServletWebServerApplicationContext - Exception encountered during context initialization - cancelling refresh attempt: org.springframework.context.ApplicationContextException: Failed to start bean 'webServerStartStop'
2024-09-25 13:24:07 [main] INFO  o.s.b.a.l.ConditionEvaluationReportLogger - 

Error starting ApplicationContext. To display the condition evaluation report re-run your application with 'debug' enabled.
2024-09-25 13:24:07 [main] ERROR o.s.b.d.LoggingFailureAnalysisReporter - 

***************************
APPLICATION FAILED TO START
***************************

Description:

Web server failed to start. Port 8183 was already in use.

Action:

Identify and stop the process that's listening on port 8183 or configure this application to listen on another port.

