2024-09-26 16:02:36 [background-preinit] INFO  o.h.validator.internal.util.Version - HV000001: Hibernate Validator 8.0.1.Final
2024-09-26 16:02:36 [main] INFO  c.m.a.e.q.w.c.ElasticQueryWebClientApplication - Starting ElasticQueryWebClientApplication using Java 21.0.2 with PID 9125 (/Users/amanbhardwaj/Desktop/microservices-api/elastic-query-web-client/target/classes started by amanbhardwaj in /Users/amanbhardwaj/Desktop/microservices-api)
2024-09-26 16:02:36 [main] INFO  c.m.a.e.q.w.c.ElasticQueryWebClientApplication - The following 1 profile is active: "elastic_query_web"
2024-09-26 16:02:36 [main] INFO  o.s.c.c.c.ConfigServerConfigDataLoader - Fetching config from server at : http://localhost:8888
2024-09-26 16:02:36 [main] INFO  o.s.c.c.c.ConfigServerConfigDataLoader - Located environment: name=elastic-query-web-client,config-client, profiles=[default], label=null, version=e9dc1c3039138c85cf3ac2969a9ec1ea409b6481, state=null
2024-09-26 16:02:36 [main] INFO  o.s.c.c.c.ConfigServerConfigDataLoader - Fetching config from server at : http://localhost:8888
2024-09-26 16:02:36 [main] INFO  o.s.c.c.c.ConfigServerConfigDataLoader - Located environment: name=elastic-query-web-client,config-client, profiles=[elastic_query_web], label=null, version=e9dc1c3039138c85cf3ac2969a9ec1ea409b6481, state=null
2024-09-26 16:02:36 [main] WARN  o.s.c.a.AnnotationBeanNameGenerator - Support for convention-based stereotype names is deprecated and will be removed in a future version of the framework. Please annotate the 'value' attribute in @org.springframework.cloud.loadbalancer.annotation.LoadBalancerClient with @AliasFor(annotation=Component.class) to declare an explicit alias for @Component's 'value' attribute.
2024-09-26 16:02:36 [main] INFO  o.s.cloud.context.scope.GenericScope - BeanFactory id=a9047781-87e8-3cc6-bc5c-3bfba8bb6916
2024-09-26 16:02:36 [main] WARN  o.s.c.s.PostProcessorRegistrationDelegate$BeanPostProcessorChecker - Bean 'org.springframework.cloud.client.loadbalancer.LoadBalancerAutoConfiguration$DeferringLoadBalancerInterceptorConfig' of type [org.springframework.cloud.client.loadbalancer.LoadBalancerAutoConfiguration$DeferringLoadBalancerInterceptorConfig] is not eligible for getting processed by all BeanPostProcessors (for example: not eligible for auto-proxying). The currently created BeanPostProcessor [lbRestClientPostProcessor] is declared through a non-static factory method on that class; consider declaring it as static instead.
2024-09-26 16:02:36 [main] WARN  o.s.c.s.PostProcessorRegistrationDelegate$BeanPostProcessorChecker - Bean 'deferringLoadBalancerInterceptor' of type [org.springframework.cloud.client.loadbalancer.DeferringLoadBalancerInterceptor] is not eligible for getting processed by all BeanPostProcessors (for example: not eligible for auto-proxying). Is this bean getting eagerly injected into a currently created BeanPostProcessor [lbRestClientPostProcessor]? Check the corresponding BeanPostProcessor declaration and its dependencies.
2024-09-26 16:02:36 [main] WARN  o.s.c.s.PostProcessorRegistrationDelegate$BeanPostProcessorChecker - Bean 'org.springframework.cloud.client.loadbalancer.reactive.LoadBalancerBeanPostProcessorAutoConfiguration' of type [org.springframework.cloud.client.loadbalancer.reactive.LoadBalancerBeanPostProcessorAutoConfiguration] is not eligible for getting processed by all BeanPostProcessors (for example: not eligible for auto-proxying). The currently created BeanPostProcessor [loadBalancerWebClientBuilderBeanPostProcessor] is declared through a non-static factory method on that class; consider declaring it as static instead.
2024-09-26 16:02:36 [main] WARN  o.s.c.s.PostProcessorRegistrationDelegate$BeanPostProcessorChecker - Bean 'org.springframework.cloud.client.loadbalancer.reactive.LoadBalancerBeanPostProcessorAutoConfiguration$ReactorDeferringLoadBalancerFilterConfig' of type [org.springframework.cloud.client.loadbalancer.reactive.LoadBalancerBeanPostProcessorAutoConfiguration$ReactorDeferringLoadBalancerFilterConfig] is not eligible for getting processed by all BeanPostProcessors (for example: not eligible for auto-proxying). Is this bean getting eagerly injected into a currently created BeanPostProcessor [loadBalancerWebClientBuilderBeanPostProcessor]? Check the corresponding BeanPostProcessor declaration and its dependencies.
2024-09-26 16:02:36 [main] WARN  o.s.c.s.PostProcessorRegistrationDelegate$BeanPostProcessorChecker - Bean 'reactorDeferringLoadBalancerExchangeFilterFunction' of type [org.springframework.cloud.client.loadbalancer.reactive.DeferringLoadBalancerExchangeFilterFunction] is not eligible for getting processed by all BeanPostProcessors (for example: not eligible for auto-proxying). Is this bean getting eagerly injected into a currently created BeanPostProcessor [loadBalancerWebClientBuilderBeanPostProcessor]? Check the corresponding BeanPostProcessor declaration and its dependencies.
2024-09-26 16:02:36 [main] INFO  o.s.b.w.e.tomcat.TomcatWebServer - Tomcat initialized with port 8184 (http)
2024-09-26 16:02:36 [main] INFO  o.a.coyote.http11.Http11NioProtocol - Initializing ProtocolHandler ["http-nio-8184"]
2024-09-26 16:02:36 [main] INFO  o.a.catalina.core.StandardService - Starting service [Tomcat]
2024-09-26 16:02:36 [main] INFO  o.a.catalina.core.StandardEngine - Starting Servlet engine: [Apache Tomcat/10.1.28]
2024-09-26 16:02:36 [main] INFO  o.a.c.c.C.[.[.[/elastic-query-web-client] - Initializing Spring embedded WebApplicationContext
2024-09-26 16:02:36 [main] INFO  o.s.b.w.s.c.ServletWebServerApplicationContext - Root WebApplicationContext: initialization completed in 619 ms
2024-09-26 16:02:36 [main] WARN  o.s.b.w.s.c.AnnotationConfigServletWebServerApplicationContext - Exception encountered during context initialization - cancelling refresh attempt: org.springframework.beans.factory.UnsatisfiedDependencyException: Error creating bean with name 'queryController' defined in file [/Users/amanbhardwaj/Desktop/microservices-api/elastic-query-web-client/target/classes/com/microservices/api/elastic/query/web/client/api/QueryController.class]: Unsatisfied dependency expressed through constructor parameter 0: Error creating bean with name 'twitterElasticQueryWebClient' defined in file [/Users/amanbhardwaj/Desktop/microservices-api/elastic-query-web-client/target/classes/com/microservices/api/elastic/query/web/client/service/impl/TwitterElasticQueryWebClient.class]: Unsatisfied dependency expressed through constructor parameter 0: Error creating bean with name 'webClientBuilder' defined in class path resource [com/microservices/api/elastic/query/web/client/config/WebClientConfig.class]: Unsatisfied dependency expressed through method 'webClientBuilder' parameter 0: Error creating bean with name 'clientRegistrationRepository' defined in class path resource [org/springframework/boot/autoconfigure/security/oauth2/client/servlet/OAuth2ClientRegistrationRepositoryConfiguration.class]: Failed to instantiate [org.springframework.security.oauth2.client.registration.InMemoryClientRegistrationRepository]: Factory method 'clientRegistrationRepository' threw exception with message: Unable to resolve Configuration with the provided Issuer of "http://localhost:9091/auth/realms/microservices-realm"
2024-09-26 16:02:36 [main] INFO  o.a.catalina.core.StandardService - Stopping service [Tomcat]
2024-09-26 16:02:36 [main] INFO  o.s.b.a.l.ConditionEvaluationReportLogger - 

Error starting ApplicationContext. To display the condition evaluation report re-run your application with 'debug' enabled.
2024-09-26 16:02:36 [main] ERROR o.s.boot.SpringApplication - Application run failed
org.springframework.beans.factory.UnsatisfiedDependencyException: Error creating bean with name 'queryController' defined in file [/Users/amanbhardwaj/Desktop/microservices-api/elastic-query-web-client/target/classes/com/microservices/api/elastic/query/web/client/api/QueryController.class]: Unsatisfied dependency expressed through constructor parameter 0: Error creating bean with name 'twitterElasticQueryWebClient' defined in file [/Users/amanbhardwaj/Desktop/microservices-api/elastic-query-web-client/target/classes/com/microservices/api/elastic/query/web/client/service/impl/TwitterElasticQueryWebClient.class]: Unsatisfied dependency expressed through constructor parameter 0: Error creating bean with name 'webClientBuilder' defined in class path resource [com/microservices/api/elastic/query/web/client/config/WebClientConfig.class]: Unsatisfied dependency expressed through method 'webClientBuilder' parameter 0: Error creating bean with name 'clientRegistrationRepository' defined in class path resource [org/springframework/boot/autoconfigure/security/oauth2/client/servlet/OAuth2ClientRegistrationRepositoryConfiguration.class]: Failed to instantiate [org.springframework.security.oauth2.client.registration.InMemoryClientRegistrationRepository]: Factory method 'clientRegistrationRepository' threw exception with message: Unable to resolve Configuration with the provided Issuer of "http://localhost:9091/auth/realms/microservices-realm"
	at org.springframework.beans.factory.support.ConstructorResolver.createArgumentArray(ConstructorResolver.java:795)
	at org.springframework.beans.factory.support.ConstructorResolver.autowireConstructor(ConstructorResolver.java:237)
	at org.springframework.beans.factory.support.AbstractAutowireCapableBeanFactory.autowireConstructor(AbstractAutowireCapableBeanFactory.java:1375)
	at org.springframework.beans.factory.support.AbstractAutowireCapableBeanFactory.createBeanInstance(AbstractAutowireCapableBeanFactory.java:1212)
	at org.springframework.beans.factory.support.AbstractAutowireCapableBeanFactory.doCreateBean(AbstractAutowireCapableBeanFactory.java:562)
	at org.springframework.beans.factory.support.AbstractAutowireCapableBeanFactory.createBean(AbstractAutowireCapableBeanFactory.java:522)
	at org.springframework.beans.factory.support.AbstractBeanFactory.lambda$doGetBean$0(AbstractBeanFactory.java:337)
	at org.springframework.beans.factory.support.DefaultSingletonBeanRegistry.getSingleton(DefaultSingletonBeanRegistry.java:234)
	at org.springframework.beans.factory.support.AbstractBeanFactory.doGetBean(AbstractBeanFactory.java:335)
	at org.springframework.beans.factory.support.AbstractBeanFactory.getBean(AbstractBeanFactory.java:200)
	at org.springframework.beans.factory.support.DefaultListableBeanFactory.preInstantiateSingletons(DefaultListableBeanFactory.java:975)
	at org.springframework.context.support.AbstractApplicationContext.finishBeanFactoryInitialization(AbstractApplicationContext.java:971)
	at org.springframework.context.support.AbstractApplicationContext.refresh(AbstractApplicationContext.java:625)
	at org.springframework.boot.web.servlet.context.ServletWebServerApplicationContext.refresh(ServletWebServerApplicationContext.java:146)
	at org.springframework.boot.SpringApplication.refresh(SpringApplication.java:754)
	at org.springframework.boot.SpringApplication.refreshContext(SpringApplication.java:456)
	at org.springframework.boot.SpringApplication.run(SpringApplication.java:335)
	at org.springframework.boot.SpringApplication.run(SpringApplication.java:1363)
	at org.springframework.boot.SpringApplication.run(SpringApplication.java:1352)
	at com.microservices.api.elastic.query.web.client.ElasticQueryWebClientApplication.main(ElasticQueryWebClientApplication.java:11)
Caused by: org.springframework.beans.factory.UnsatisfiedDependencyException: Error creating bean with name 'twitterElasticQueryWebClient' defined in file [/Users/amanbhardwaj/Desktop/microservices-api/elastic-query-web-client/target/classes/com/microservices/api/elastic/query/web/client/service/impl/TwitterElasticQueryWebClient.class]: Unsatisfied dependency expressed through constructor parameter 0: Error creating bean with name 'webClientBuilder' defined in class path resource [com/microservices/api/elastic/query/web/client/config/WebClientConfig.class]: Unsatisfied dependency expressed through method 'webClientBuilder' parameter 0: Error creating bean with name 'clientRegistrationRepository' defined in class path resource [org/springframework/boot/autoconfigure/security/oauth2/client/servlet/OAuth2ClientRegistrationRepositoryConfiguration.class]: Failed to instantiate [org.springframework.security.oauth2.client.registration.InMemoryClientRegistrationRepository]: Factory method 'clientRegistrationRepository' threw exception with message: Unable to resolve Configuration with the provided Issuer of "http://localhost:9091/auth/realms/microservices-realm"
	at org.springframework.beans.factory.support.ConstructorResolver.createArgumentArray(ConstructorResolver.java:795)
	at org.springframework.beans.factory.support.ConstructorResolver.autowireConstructor(ConstructorResolver.java:237)
	at org.springframework.beans.factory.support.AbstractAutowireCapableBeanFactory.autowireConstructor(AbstractAutowireCapableBeanFactory.java:1375)
	at org.springframework.beans.factory.support.AbstractAutowireCapableBeanFactory.createBeanInstance(AbstractAutowireCapableBeanFactory.java:1212)
	at org.springframework.beans.factory.support.AbstractAutowireCapableBeanFactory.doCreateBean(AbstractAutowireCapableBeanFactory.java:562)
	at org.springframework.beans.factory.support.AbstractAutowireCapableBeanFactory.createBean(AbstractAutowireCapableBeanFactory.java:522)
	at org.springframework.beans.factory.support.AbstractBeanFactory.lambda$doGetBean$0(AbstractBeanFactory.java:337)
	at org.springframework.beans.factory.support.DefaultSingletonBeanRegistry.getSingleton(DefaultSingletonBeanRegistry.java:234)
	at org.springframework.beans.factory.support.AbstractBeanFactory.doGetBean(AbstractBeanFactory.java:335)
	at org.springframework.beans.factory.support.AbstractBeanFactory.getBean(AbstractBeanFactory.java:200)
	at org.springframework.beans.factory.config.DependencyDescriptor.resolveCandidate(DependencyDescriptor.java:254)
	at org.springframework.beans.factory.support.DefaultListableBeanFactory.doResolveDependency(DefaultListableBeanFactory.java:1443)
	at org.springframework.beans.factory.support.DefaultListableBeanFactory.resolveDependency(DefaultListableBeanFactory.java:1353)
	at org.springframework.beans.factory.support.ConstructorResolver.resolveAutowiredArgument(ConstructorResolver.java:904)
	at org.springframework.beans.factory.support.ConstructorResolver.createArgumentArray(ConstructorResolver.java:782)
	... 19 common frames omitted
Caused by: org.springframework.beans.factory.UnsatisfiedDependencyException: Error creating bean with name 'webClientBuilder' defined in class path resource [com/microservices/api/elastic/query/web/client/config/WebClientConfig.class]: Unsatisfied dependency expressed through method 'webClientBuilder' parameter 0: Error creating bean with name 'clientRegistrationRepository' defined in class path resource [org/springframework/boot/autoconfigure/security/oauth2/client/servlet/OAuth2ClientRegistrationRepositoryConfiguration.class]: Failed to instantiate [org.springframework.security.oauth2.client.registration.InMemoryClientRegistrationRepository]: Factory method 'clientRegistrationRepository' threw exception with message: Unable to resolve Configuration with the provided Issuer of "http://localhost:9091/auth/realms/microservices-realm"
	at org.springframework.beans.factory.support.ConstructorResolver.createArgumentArray(ConstructorResolver.java:795)
	at org.springframework.beans.factory.support.ConstructorResolver.instantiateUsingFactoryMethod(ConstructorResolver.java:542)
	at org.springframework.beans.factory.support.AbstractAutowireCapableBeanFactory.instantiateUsingFactoryMethod(AbstractAutowireCapableBeanFactory.java:1355)
	at org.springframework.beans.factory.support.AbstractAutowireCapableBeanFactory.createBeanInstance(AbstractAutowireCapableBeanFactory.java:1185)
	at org.springframework.beans.factory.support.AbstractAutowireCapableBeanFactory.doCreateBean(AbstractAutowireCapableBeanFactory.java:562)
	at org.springframework.beans.factory.support.AbstractAutowireCapableBeanFactory.createBean(AbstractAutowireCapableBeanFactory.java:522)
	at org.springframework.beans.factory.support.AbstractBeanFactory.lambda$doGetBean$0(AbstractBeanFactory.java:337)
	at org.springframework.beans.factory.support.DefaultSingletonBeanRegistry.getSingleton(DefaultSingletonBeanRegistry.java:234)
	at org.springframework.beans.factory.support.AbstractBeanFactory.doGetBean(AbstractBeanFactory.java:335)
	at org.springframework.beans.factory.support.AbstractBeanFactory.getBean(AbstractBeanFactory.java:200)
	at org.springframework.beans.factory.config.DependencyDescriptor.resolveCandidate(DependencyDescriptor.java:254)
	at org.springframework.beans.factory.support.DefaultListableBeanFactory.doResolveDependency(DefaultListableBeanFactory.java:1443)
	at org.springframework.beans.factory.support.DefaultListableBeanFactory.resolveDependency(DefaultListableBeanFactory.java:1353)
	at org.springframework.beans.factory.support.ConstructorResolver.resolveAutowiredArgument(ConstructorResolver.java:904)
	at org.springframework.beans.factory.support.ConstructorResolver.createArgumentArray(ConstructorResolver.java:782)
	... 33 common frames omitted
Caused by: org.springframework.beans.factory.BeanCreationException: Error creating bean with name 'clientRegistrationRepository' defined in class path resource [org/springframework/boot/autoconfigure/security/oauth2/client/servlet/OAuth2ClientRegistrationRepositoryConfiguration.class]: Failed to instantiate [org.springframework.security.oauth2.client.registration.InMemoryClientRegistrationRepository]: Factory method 'clientRegistrationRepository' threw exception with message: Unable to resolve Configuration with the provided Issuer of "http://localhost:9091/auth/realms/microservices-realm"
	at org.springframework.beans.factory.support.ConstructorResolver.instantiate(ConstructorResolver.java:648)
	at org.springframework.beans.factory.support.ConstructorResolver.instantiateUsingFactoryMethod(ConstructorResolver.java:636)
	at org.springframework.beans.factory.support.AbstractAutowireCapableBeanFactory.instantiateUsingFactoryMethod(AbstractAutowireCapableBeanFactory.java:1355)
	at org.springframework.beans.factory.support.AbstractAutowireCapableBeanFactory.createBeanInstance(AbstractAutowireCapableBeanFactory.java:1185)
	at org.springframework.beans.factory.support.AbstractAutowireCapableBeanFactory.doCreateBean(AbstractAutowireCapableBeanFactory.java:562)
	at org.springframework.beans.factory.support.AbstractAutowireCapableBeanFactory.createBean(AbstractAutowireCapableBeanFactory.java:522)
	at org.springframework.beans.factory.support.AbstractBeanFactory.lambda$doGetBean$0(AbstractBeanFactory.java:337)
	at org.springframework.beans.factory.support.DefaultSingletonBeanRegistry.getSingleton(DefaultSingletonBeanRegistry.java:234)
	at org.springframework.beans.factory.support.AbstractBeanFactory.doGetBean(AbstractBeanFactory.java:335)
	at org.springframework.beans.factory.support.AbstractBeanFactory.getBean(AbstractBeanFactory.java:200)
	at org.springframework.beans.factory.config.DependencyDescriptor.resolveCandidate(DependencyDescriptor.java:254)
	at org.springframework.beans.factory.support.DefaultListableBeanFactory.doResolveDependency(DefaultListableBeanFactory.java:1443)
	at org.springframework.beans.factory.support.DefaultListableBeanFactory.resolveDependency(DefaultListableBeanFactory.java:1353)
	at org.springframework.beans.factory.support.ConstructorResolver.resolveAutowiredArgument(ConstructorResolver.java:904)
	at org.springframework.beans.factory.support.ConstructorResolver.createArgumentArray(ConstructorResolver.java:782)
	... 47 common frames omitted
Caused by: org.springframework.beans.BeanInstantiationException: Failed to instantiate [org.springframework.security.oauth2.client.registration.InMemoryClientRegistrationRepository]: Factory method 'clientRegistrationRepository' threw exception with message: Unable to resolve Configuration with the provided Issuer of "http://localhost:9091/auth/realms/microservices-realm"
	at org.springframework.beans.factory.support.SimpleInstantiationStrategy.instantiate(SimpleInstantiationStrategy.java:178)
	at org.springframework.beans.factory.support.ConstructorResolver.instantiate(ConstructorResolver.java:644)
	... 61 common frames omitted
Caused by: java.lang.IllegalArgumentException: Unable to resolve Configuration with the provided Issuer of "http://localhost:9091/auth/realms/microservices-realm"
	at org.springframework.security.oauth2.client.registration.ClientRegistrations.getBuilder(ClientRegistrations.java:228)
	at org.springframework.security.oauth2.client.registration.ClientRegistrations.fromIssuerLocation(ClientRegistrations.java:152)
	at org.springframework.boot.autoconfigure.security.oauth2.client.OAuth2ClientPropertiesMapper.getBuilderFromIssuerIfPossible(OAuth2ClientPropertiesMapper.java:97)
	at org.springframework.boot.autoconfigure.security.oauth2.client.OAuth2ClientPropertiesMapper.getClientRegistration(OAuth2ClientPropertiesMapper.java:71)
	at org.springframework.boot.autoconfigure.security.oauth2.client.OAuth2ClientPropertiesMapper.lambda$asClientRegistrations$0(OAuth2ClientPropertiesMapper.java:65)
	at java.base/java.util.HashMap.forEach(HashMap.java:1429)
	at org.springframework.boot.autoconfigure.security.oauth2.client.OAuth2ClientPropertiesMapper.asClientRegistrations(OAuth2ClientPropertiesMapper.java:64)
	at org.springframework.boot.autoconfigure.security.oauth2.client.servlet.OAuth2ClientRegistrationRepositoryConfiguration.clientRegistrationRepository(OAuth2ClientRegistrationRepositoryConfiguration.java:49)
	at java.base/jdk.internal.reflect.DirectMethodHandleAccessor.invoke(DirectMethodHandleAccessor.java:103)
	at java.base/java.lang.reflect.Method.invoke(Method.java:580)
	at org.springframework.beans.factory.support.SimpleInstantiationStrategy.instantiate(SimpleInstantiationStrategy.java:146)
	... 62 common frames omitted
Caused by: org.springframework.web.client.ResourceAccessException: I/O error on GET request for "http://localhost:9091/auth/realms/microservices-realm/.well-known/openid-configuration": Connection refused
	at org.springframework.web.client.RestTemplate.createResourceAccessException(RestTemplate.java:915)
	at org.springframework.web.client.RestTemplate.doExecute(RestTemplate.java:895)
	at org.springframework.web.client.RestTemplate.exchange(RestTemplate.java:740)
	at org.springframework.security.oauth2.client.registration.ClientRegistrations.lambda$oidc$0(ClientRegistrations.java:163)
	at org.springframework.security.oauth2.client.registration.ClientRegistrations.getBuilder(ClientRegistrations.java:216)
	... 72 common frames omitted
Caused by: java.net.ConnectException: Connection refused
	at java.base/sun.nio.ch.Net.pollConnect(Native Method)
	at java.base/sun.nio.ch.Net.pollConnectNow(Net.java:682)
	at java.base/sun.nio.ch.NioSocketImpl.timedFinishConnect(NioSocketImpl.java:549)
	at java.base/sun.nio.ch.NioSocketImpl.connect(NioSocketImpl.java:592)
	at java.base/java.net.Socket.connect(Socket.java:751)
	at java.base/sun.net.NetworkClient.doConnect(NetworkClient.java:178)
	at java.base/sun.net.www.http.HttpClient.openServer(HttpClient.java:531)
	at java.base/sun.net.www.http.HttpClient.openServer(HttpClient.java:636)
	at java.base/sun.net.www.http.HttpClient.<init>(HttpClient.java:280)
	at java.base/sun.net.www.http.HttpClient.New(HttpClient.java:386)
	at java.base/sun.net.www.http.HttpClient.New(HttpClient.java:408)
	at java.base/sun.net.www.protocol.http.HttpURLConnection.getNewHttpClient(HttpURLConnection.java:1304)
	at java.base/sun.net.www.protocol.http.HttpURLConnection.plainConnect0(HttpURLConnection.java:1237)
	at java.base/sun.net.www.protocol.http.HttpURLConnection.plainConnect(HttpURLConnection.java:1123)
	at java.base/sun.net.www.protocol.http.HttpURLConnection.connect(HttpURLConnection.java:1052)
	at org.springframework.http.client.SimpleClientHttpRequest.executeInternal(SimpleClientHttpRequest.java:79)
	at org.springframework.http.client.AbstractStreamingClientHttpRequest.executeInternal(AbstractStreamingClientHttpRequest.java:70)
	at org.springframework.http.client.AbstractClientHttpRequest.execute(AbstractClientHttpRequest.java:66)
	at org.springframework.web.client.RestTemplate.doExecute(RestTemplate.java:889)
	... 75 common frames omitted
