2024-09-24 21:36:51 [main] INFO  o.s.t.c.s.AnnotationConfigContextLoaderUtils - Could not detect default configuration classes for test class [com.microservices.api.reactive.elastic.query.service.ReactiveElasticQueryServiceApplicationTests]: ReactiveElasticQueryServiceApplicationTests does not declare any static, non-private, non-final, nested classes annotated with @Configuration.
2024-09-24 21:38:45 [main] ERROR o.s.boot.SpringApplication - Application run failed
org.springframework.cloud.config.client.ConfigClientFailFastException: Could not locate PropertySource and the resource is not optional, failing
	at org.springframework.cloud.config.client.ConfigServerConfigDataLoader.doLoad(ConfigServerConfigDataLoader.java:210)
	at org.springframework.cloud.config.client.ConfigServerConfigDataLoader.load(ConfigServerConfigDataLoader.java:105)
	at org.springframework.cloud.config.client.ConfigServerConfigDataLoader.load(ConfigServerConfigDataLoader.java:62)
	at org.springframework.boot.context.config.ConfigDataLoaders.load(ConfigDataLoaders.java:96)
	at org.springframework.boot.context.config.ConfigDataImporter.load(ConfigDataImporter.java:132)
	at org.springframework.boot.context.config.ConfigDataImporter.resolveAndLoad(ConfigDataImporter.java:87)
	at org.springframework.boot.context.config.ConfigDataEnvironmentContributors.withProcessedImports(ConfigDataEnvironmentContributors.java:121)
	at org.springframework.boot.context.config.ConfigDataEnvironment.processInitial(ConfigDataEnvironment.java:245)
	at org.springframework.boot.context.config.ConfigDataEnvironment.processAndApply(ConfigDataEnvironment.java:232)
	at org.springframework.boot.context.config.ConfigDataEnvironmentPostProcessor.postProcessEnvironment(ConfigDataEnvironmentPostProcessor.java:96)
	at org.springframework.boot.context.config.ConfigDataEnvironmentPostProcessor.postProcessEnvironment(ConfigDataEnvironmentPostProcessor.java:89)
	at org.springframework.boot.env.EnvironmentPostProcessorApplicationListener.onApplicationEnvironmentPreparedEvent(EnvironmentPostProcessorApplicationListener.java:109)
	at org.springframework.boot.env.EnvironmentPostProcessorApplicationListener.onApplicationEvent(EnvironmentPostProcessorApplicationListener.java:94)
	at org.springframework.context.event.SimpleApplicationEventMulticaster.doInvokeListener(SimpleApplicationEventMulticaster.java:185)
	at org.springframework.context.event.SimpleApplicationEventMulticaster.invokeListener(SimpleApplicationEventMulticaster.java:178)
	at org.springframework.context.event.SimpleApplicationEventMulticaster.multicastEvent(SimpleApplicationEventMulticaster.java:156)
	at org.springframework.context.event.SimpleApplicationEventMulticaster.multicastEvent(SimpleApplicationEventMulticaster.java:138)
	at org.springframework.boot.context.event.EventPublishingRunListener.multicastInitialEvent(EventPublishingRunListener.java:136)
	at org.springframework.boot.context.event.EventPublishingRunListener.environmentPrepared(EventPublishingRunListener.java:81)
	at org.springframework.boot.SpringApplicationRunListeners.lambda$environmentPrepared$2(SpringApplicationRunListeners.java:64)
	at java.base/java.lang.Iterable.forEach(Iterable.java:75)
	at org.springframework.boot.SpringApplicationRunListeners.doWithListeners(SpringApplicationRunListeners.java:118)
	at org.springframework.boot.SpringApplicationRunListeners.doWithListeners(SpringApplicationRunListeners.java:112)
	at org.springframework.boot.SpringApplicationRunListeners.environmentPrepared(SpringApplicationRunListeners.java:63)
	at org.springframework.boot.SpringApplication.prepareEnvironment(SpringApplication.java:370)
	at org.springframework.boot.SpringApplication.run(SpringApplication.java:330)
	at org.springframework.boot.SpringApplication.run(SpringApplication.java:1363)
	at org.springframework.boot.SpringApplication.run(SpringApplication.java:1352)
	at com.microservices.api.reactive.elastic.query.service.ReactiveElasticQueryServiceApplication.main(com.microservices.api.reactive.elastic.query.service.ReactiveElasticQueryServiceApplication.java:9)
Caused by: org.springframework.web.client.ResourceAccessException: I/O error on GET request for "http://localhost:8888/reactive-elastic-query-service,config-client/default": Connection refused
	at org.springframework.web.client.RestTemplate.createResourceAccessException(RestTemplate.java:915)
	at org.springframework.web.client.RestTemplate.doExecute(RestTemplate.java:895)
	at org.springframework.web.client.RestTemplate.execute(RestTemplate.java:790)
	at org.springframework.web.client.RestTemplate.exchange(RestTemplate.java:672)
	at org.springframework.cloud.config.client.ConfigServerConfigDataLoader.getRemoteEnvironment(ConfigServerConfigDataLoader.java:339)
	at org.springframework.cloud.config.client.ConfigServerConfigDataLoader.doLoad(ConfigServerConfigDataLoader.java:122)
	... 28 common frames omitted
Caused by: java.net.ConnectException: Connection refused
	at java.base/sun.nio.ch.Net.pollConnect(Native Method)
	at java.base/sun.nio.ch.Net.pollConnectNow(Net.java:682)
	at java.base/sun.nio.ch.NioSocketImpl.timedFinishConnect(NioSocketImpl.java:542)
	at java.base/sun.nio.ch.NioSocketImpl.connect(NioSocketImpl.java:592)
	at java.base/java.net.Socket.connect(Socket.java:751)
	at java.base/sun.net.NetworkClient.doConnect(NetworkClient.java:178)
	at java.base/sun.net.www.http.HttpClient.openServer(HttpClient.java:531)
	at java.base/sun.net.www.http.HttpClient.openServer(HttpClient.java:636)
	at java.base/sun.net.www.http.HttpClient.<init>(HttpClient.java:280)
	at java.base/sun.net.www.http.HttpClient.New(HttpClient.java:386)
	at java.base/sun.net.www.http.HttpClient.New(HttpClient.java:408)
	at java.base/sun.net.www.protocol.http.HttpURLConnection.getNewHttpClient(HttpURLConnection.java:1304)
	at java.base/sun.net.www.protocol.http.HttpURLConnection.plainConnect0(HttpURLConnection.java:1237)
	at java.base/sun.net.www.protocol.http.HttpURLConnection.plainConnect(HttpURLConnection.java:1123)
	at java.base/sun.net.www.protocol.http.HttpURLConnection.connect(HttpURLConnection.java:1052)
	at org.springframework.http.client.SimpleClientHttpRequest.executeInternal(SimpleClientHttpRequest.java:79)
	at org.springframework.http.client.AbstractStreamingClientHttpRequest.executeInternal(AbstractStreamingClientHttpRequest.java:70)
	at org.springframework.http.client.AbstractClientHttpRequest.execute(AbstractClientHttpRequest.java:66)
	at org.springframework.web.client.RestTemplate.doExecute(RestTemplate.java:889)
	... 32 common frames omitted
2024-09-24 21:41:07 [background-preinit] INFO  o.h.validator.internal.util.Version - HV000001: Hibernate Validator 8.0.1.Final
2024-09-24 21:41:07 [main] INFO  com.microservices.api.reactive.elastic.query.service.ReactiveElasticQueryServiceApplication - Starting com.microservices.api.reactive.elastic.query.service.ReactiveElasticQueryServiceApplication using Java 21.0.2 with PID 36080 (/Users/amanbhardwaj/Desktop/microservices-api/reactive-elastic-query-service/target/classes started by amanbhardwaj in /Users/amanbhardwaj/Desktop/microservices-api/reactive-elastic-query-service)
2024-09-24 21:41:07 [main] INFO  com.microservices.api.reactive.elastic.query.service.ReactiveElasticQueryServiceApplication - The following 1 profile is active: "reactive_elastic_query"
2024-09-24 21:41:07 [main] INFO  o.s.c.c.c.ConfigServerConfigDataLoader - Fetching config from server at : http://localhost:8888
2024-09-24 21:41:07 [main] INFO  o.s.c.c.c.ConfigServerConfigDataLoader - Located environment: name=reactive-elastic-query-service,config-client, profiles=[default], label=null, version=134bc52a96265434b1277840bc6379ad1811df7e, state=null
2024-09-24 21:41:07 [main] INFO  o.s.c.c.c.ConfigServerConfigDataLoader - Fetching config from server at : http://localhost:8888
2024-09-24 21:41:07 [main] INFO  o.s.c.c.c.ConfigServerConfigDataLoader - Located environment: name=reactive-elastic-query-service,config-client, profiles=[reactive_elastic_query], label=null, version=134bc52a96265434b1277840bc6379ad1811df7e, state=null
2024-09-24 21:41:07 [main] INFO  o.s.d.r.c.RepositoryConfigurationDelegate - Bootstrapping Spring Data Elasticsearch repositories in DEFAULT mode.
2024-09-24 21:41:07 [main] WARN  o.s.b.a.AutoConfigurationPackages - @EnableAutoConfiguration was declared on a class in the default package. Automatic @Repository and @Entity scanning is not enabled.
2024-09-24 21:41:07 [main] INFO  o.s.d.r.c.RepositoryConfigurationDelegate - Finished Spring Data repository scanning in 4 ms. Found 0 Elasticsearch repository interfaces.
2024-09-24 21:41:07 [main] INFO  o.s.d.r.c.RepositoryConfigurationDelegate - Bootstrapping Spring Data Reactive Elasticsearch repositories in DEFAULT mode.
2024-09-24 21:41:07 [main] INFO  o.s.d.r.c.RepositoryConfigurationDelegate - Finished Spring Data repository scanning in 0 ms. Found 0 Reactive Elasticsearch repository interfaces.
2024-09-24 21:41:07 [main] INFO  o.s.cloud.context.scope.GenericScope - BeanFactory id=e252a8e9-6412-39cf-9eb5-2fe31826bdd6
2024-09-24 21:41:07 [main] WARN  o.s.b.w.r.c.AnnotationConfigReactiveWebServerApplicationContext - Exception encountered during context initialization - cancelling refresh attempt: org.springframework.beans.factory.UnsatisfiedDependencyException: Error creating bean with name 'elasticDocumentController' defined in file [/Users/amanbhardwaj/Desktop/microservices-api/reactive-elastic-query-service/target/classes/com/microservices/api/reactive/elastic/query/service/api/ElasticDocumentController.class]: Unsatisfied dependency expressed through constructor parameter 0: Error creating bean with name 'twitterElasticQueryService' defined in file [/Users/amanbhardwaj/Desktop/microservices-api/reactive-elastic-query-service/target/classes/com/microservices/api/reactive/elastic/query/service/business/impl/TwitterElasticQueryService.class]: Unsatisfied dependency expressed through constructor parameter 0: Error creating bean with name 'twitterReactiveElasticQueryClient' defined in file [/Users/amanbhardwaj/Desktop/microservices-api/reactive-elastic-query-service/target/classes/com/microservices/api/reactive/elastic/query/service/business/impl/TwitterReactiveElasticQueryClient.class]: Unsatisfied dependency expressed through constructor parameter 0: No qualifying bean of type 'com.microservices.api.reactive.elastic.query.service.repository.ElasticQueryRepository' available: expected at least 1 bean which qualifies as autowire candidate. Dependency annotations: {}
2024-09-24 21:41:07 [main] INFO  o.s.b.a.l.ConditionEvaluationReportLogger - 

Error starting ApplicationContext. To display the condition evaluation report re-run your application with 'debug' enabled.
2024-09-24 21:41:07 [main] ERROR o.s.b.d.LoggingFailureAnalysisReporter - 

***************************
APPLICATION FAILED TO START
***************************

Description:

Parameter 0 of constructor in com.microservices.api.reactive.elastic.query.service.business.impl.TwitterReactiveElasticQueryClient required a bean of type 'com.microservices.api.reactive.elastic.query.service.repository.ElasticQueryRepository' that could not be found.


Action:

Consider defining a bean of type 'com.microservices.api.reactive.elastic.query.service.repository.ElasticQueryRepository' in your configuration.

2024-09-24 21:49:40 [background-preinit] INFO  o.h.validator.internal.util.Version - HV000001: Hibernate Validator 8.0.1.Final
2024-09-24 21:49:40 [main] INFO  com.microservices.api.reactive.elastic.query.service.ReactiveElasticQueryServiceApplication - Starting com.microservices.api.reactive.elastic.query.service.ReactiveElasticQueryServiceApplication using Java 21.0.2 with PID 36760 (/Users/amanbhardwaj/Desktop/microservices-api/reactive-elastic-query-service/target/classes started by amanbhardwaj in /Users/amanbhardwaj/Desktop/microservices-api/reactive-elastic-query-service)
2024-09-24 21:49:40 [main] INFO  com.microservices.api.reactive.elastic.query.service.ReactiveElasticQueryServiceApplication - The following 1 profile is active: "reactive_elastic_query"
2024-09-24 21:49:40 [main] INFO  o.s.c.c.c.ConfigServerConfigDataLoader - Fetching config from server at : http://localhost:8888
2024-09-24 21:49:40 [main] INFO  o.s.c.c.c.ConfigServerConfigDataLoader - Located environment: name=reactive-elastic-query-service,config-client, profiles=[default], label=null, version=134bc52a96265434b1277840bc6379ad1811df7e, state=null
2024-09-24 21:49:40 [main] INFO  o.s.c.c.c.ConfigServerConfigDataLoader - Fetching config from server at : http://localhost:8888
2024-09-24 21:49:40 [main] INFO  o.s.c.c.c.ConfigServerConfigDataLoader - Located environment: name=reactive-elastic-query-service,config-client, profiles=[reactive_elastic_query], label=null, version=134bc52a96265434b1277840bc6379ad1811df7e, state=null
2024-09-24 21:49:40 [main] INFO  o.s.d.r.c.RepositoryConfigurationDelegate - Bootstrapping Spring Data Elasticsearch repositories in DEFAULT mode.
2024-09-24 21:49:40 [main] WARN  o.s.b.a.AutoConfigurationPackages - @EnableAutoConfiguration was declared on a class in the default package. Automatic @Repository and @Entity scanning is not enabled.
2024-09-24 21:49:40 [main] INFO  o.s.d.r.c.RepositoryConfigurationDelegate - Finished Spring Data repository scanning in 4 ms. Found 0 Elasticsearch repository interfaces.
2024-09-24 21:49:40 [main] INFO  o.s.d.r.c.RepositoryConfigurationDelegate - Bootstrapping Spring Data Reactive Elasticsearch repositories in DEFAULT mode.
2024-09-24 21:49:40 [main] INFO  o.s.d.r.c.RepositoryConfigurationDelegate - Finished Spring Data repository scanning in 0 ms. Found 0 Reactive Elasticsearch repository interfaces.
2024-09-24 21:49:40 [main] INFO  o.s.cloud.context.scope.GenericScope - BeanFactory id=e252a8e9-6412-39cf-9eb5-2fe31826bdd6
2024-09-24 21:49:41 [main] WARN  o.s.b.w.r.c.AnnotationConfigReactiveWebServerApplicationContext - Exception encountered during context initialization - cancelling refresh attempt: org.springframework.beans.factory.UnsatisfiedDependencyException: Error creating bean with name 'elasticDocumentController' defined in file [/Users/amanbhardwaj/Desktop/microservices-api/reactive-elastic-query-service/target/classes/com/microservices/api/reactive/elastic/query/service/api/ElasticDocumentController.class]: Unsatisfied dependency expressed through constructor parameter 0: Error creating bean with name 'twitterElasticQueryService' defined in file [/Users/amanbhardwaj/Desktop/microservices-api/reactive-elastic-query-service/target/classes/com/microservices/api/reactive/elastic/query/service/business/impl/TwitterElasticQueryService.class]: Unsatisfied dependency expressed through constructor parameter 0: Error creating bean with name 'twitterReactiveElasticQueryClient' defined in file [/Users/amanbhardwaj/Desktop/microservices-api/reactive-elastic-query-service/target/classes/com/microservices/api/reactive/elastic/query/service/business/impl/TwitterReactiveElasticQueryClient.class]: Unsatisfied dependency expressed through constructor parameter 0: No qualifying bean of type 'com.microservices.api.reactive.elastic.query.service.repository.ElasticQueryRepository' available: expected at least 1 bean which qualifies as autowire candidate. Dependency annotations: {}
2024-09-24 21:49:41 [main] INFO  o.s.b.a.l.ConditionEvaluationReportLogger - 

Error starting ApplicationContext. To display the condition evaluation report re-run your application with 'debug' enabled.
2024-09-24 21:49:41 [main] ERROR o.s.b.d.LoggingFailureAnalysisReporter - 

***************************
APPLICATION FAILED TO START
***************************

Description:

Parameter 0 of constructor in com.microservices.api.reactive.elastic.query.service.business.impl.TwitterReactiveElasticQueryClient required a bean of type 'com.microservices.api.reactive.elastic.query.service.repository.ElasticQueryRepository' that could not be found.


Action:

Consider defining a bean of type 'com.microservices.api.reactive.elastic.query.service.repository.ElasticQueryRepository' in your configuration.

2024-09-24 21:51:16 [main] ERROR o.s.boot.SpringApplication - Application run failed
org.springframework.cloud.config.client.ConfigClientFailFastException: Could not locate PropertySource and the resource is not optional, failing
	at org.springframework.cloud.config.client.ConfigServerConfigDataLoader.doLoad(ConfigServerConfigDataLoader.java:210)
	at org.springframework.cloud.config.client.ConfigServerConfigDataLoader.load(ConfigServerConfigDataLoader.java:105)
	at org.springframework.cloud.config.client.ConfigServerConfigDataLoader.load(ConfigServerConfigDataLoader.java:62)
	at org.springframework.boot.context.config.ConfigDataLoaders.load(ConfigDataLoaders.java:96)
	at org.springframework.boot.context.config.ConfigDataImporter.load(ConfigDataImporter.java:132)
	at org.springframework.boot.context.config.ConfigDataImporter.resolveAndLoad(ConfigDataImporter.java:87)
	at org.springframework.boot.context.config.ConfigDataEnvironmentContributors.withProcessedImports(ConfigDataEnvironmentContributors.java:121)
	at org.springframework.boot.context.config.ConfigDataEnvironment.processInitial(ConfigDataEnvironment.java:245)
	at org.springframework.boot.context.config.ConfigDataEnvironment.processAndApply(ConfigDataEnvironment.java:232)
	at org.springframework.boot.context.config.ConfigDataEnvironmentPostProcessor.postProcessEnvironment(ConfigDataEnvironmentPostProcessor.java:96)
	at org.springframework.boot.context.config.ConfigDataEnvironmentPostProcessor.postProcessEnvironment(ConfigDataEnvironmentPostProcessor.java:89)
	at org.springframework.boot.env.EnvironmentPostProcessorApplicationListener.onApplicationEnvironmentPreparedEvent(EnvironmentPostProcessorApplicationListener.java:109)
	at org.springframework.boot.env.EnvironmentPostProcessorApplicationListener.onApplicationEvent(EnvironmentPostProcessorApplicationListener.java:94)
	at org.springframework.context.event.SimpleApplicationEventMulticaster.doInvokeListener(SimpleApplicationEventMulticaster.java:185)
	at org.springframework.context.event.SimpleApplicationEventMulticaster.invokeListener(SimpleApplicationEventMulticaster.java:178)
	at org.springframework.context.event.SimpleApplicationEventMulticaster.multicastEvent(SimpleApplicationEventMulticaster.java:156)
	at org.springframework.context.event.SimpleApplicationEventMulticaster.multicastEvent(SimpleApplicationEventMulticaster.java:138)
	at org.springframework.boot.context.event.EventPublishingRunListener.multicastInitialEvent(EventPublishingRunListener.java:136)
	at org.springframework.boot.context.event.EventPublishingRunListener.environmentPrepared(EventPublishingRunListener.java:81)
	at org.springframework.boot.SpringApplicationRunListeners.lambda$environmentPrepared$2(SpringApplicationRunListeners.java:64)
	at java.base/java.lang.Iterable.forEach(Iterable.java:75)
	at org.springframework.boot.SpringApplicationRunListeners.doWithListeners(SpringApplicationRunListeners.java:118)
	at org.springframework.boot.SpringApplicationRunListeners.doWithListeners(SpringApplicationRunListeners.java:112)
	at org.springframework.boot.SpringApplicationRunListeners.environmentPrepared(SpringApplicationRunListeners.java:63)
	at org.springframework.boot.SpringApplication.prepareEnvironment(SpringApplication.java:370)
	at org.springframework.boot.SpringApplication.run(SpringApplication.java:330)
	at org.springframework.boot.SpringApplication.run(SpringApplication.java:1363)
	at org.springframework.boot.SpringApplication.run(SpringApplication.java:1352)
	at com.microservices.api.reactive.elastic.query.service.ReactiveElasticQueryServiceApplication.main(com.microservices.api.reactive.elastic.query.service.ReactiveElasticQueryServiceApplication.java:9)
Caused by: java.lang.IllegalStateException: Invalid URL: localhost:8888
	at org.springframework.cloud.config.client.ConfigClientProperties.extractCredentials(ConfigClientProperties.java:374)
	at org.springframework.cloud.config.client.ConfigClientProperties.getCredentials(ConfigClientProperties.java:252)
	at org.springframework.cloud.config.client.ConfigServerConfigDataLoader.getRemoteEnvironment(ConfigServerConfigDataLoader.java:319)
	at org.springframework.cloud.config.client.ConfigServerConfigDataLoader.doLoad(ConfigServerConfigDataLoader.java:122)
	... 28 common frames omitted
Caused by: java.net.MalformedURLException: unknown protocol: localhost
	at java.base/java.net.URL.<init>(URL.java:779)
	at java.base/java.net.URL.<init>(URL.java:654)
	at java.base/java.net.URL.<init>(URL.java:590)
	at org.springframework.cloud.config.client.ConfigClientProperties.extractCredentials(ConfigClientProperties.java:339)
	... 31 common frames omitted
2024-09-24 21:51:34 [background-preinit] INFO  o.h.validator.internal.util.Version - HV000001: Hibernate Validator 8.0.1.Final
2024-09-24 21:51:34 [main] INFO  com.microservices.api.reactive.elastic.query.service.ReactiveElasticQueryServiceApplication - Starting com.microservices.api.reactive.elastic.query.service.ReactiveElasticQueryServiceApplication using Java 21.0.2 with PID 38551 (/Users/amanbhardwaj/Desktop/microservices-api/reactive-elastic-query-service/target/classes started by amanbhardwaj in /Users/amanbhardwaj/Desktop/microservices-api/reactive-elastic-query-service)
2024-09-24 21:51:34 [main] INFO  com.microservices.api.reactive.elastic.query.service.ReactiveElasticQueryServiceApplication - The following 1 profile is active: "reactive_elastic_query"
2024-09-24 21:51:34 [main] INFO  o.s.c.c.c.ConfigServerConfigDataLoader - Fetching config from server at : http://localhost:8888
2024-09-24 21:51:34 [main] INFO  o.s.c.c.c.ConfigServerConfigDataLoader - Located environment: name=reactive-elastic-query-service,config-client, profiles=[default], label=null, version=134bc52a96265434b1277840bc6379ad1811df7e, state=null
2024-09-24 21:51:34 [main] INFO  o.s.c.c.c.ConfigServerConfigDataLoader - Fetching config from server at : http://localhost:8888
2024-09-24 21:51:34 [main] INFO  o.s.c.c.c.ConfigServerConfigDataLoader - Located environment: name=reactive-elastic-query-service,config-client, profiles=[reactive_elastic_query], label=null, version=134bc52a96265434b1277840bc6379ad1811df7e, state=null
2024-09-24 21:51:34 [main] INFO  o.s.d.r.c.RepositoryConfigurationDelegate - Bootstrapping Spring Data Elasticsearch repositories in DEFAULT mode.
2024-09-24 21:51:34 [main] WARN  o.s.b.a.AutoConfigurationPackages - @EnableAutoConfiguration was declared on a class in the default package. Automatic @Repository and @Entity scanning is not enabled.
2024-09-24 21:51:34 [main] INFO  o.s.d.r.c.RepositoryConfigurationDelegate - Finished Spring Data repository scanning in 5 ms. Found 0 Elasticsearch repository interfaces.
2024-09-24 21:51:34 [main] INFO  o.s.d.r.c.RepositoryConfigurationDelegate - Bootstrapping Spring Data Reactive Elasticsearch repositories in DEFAULT mode.
2024-09-24 21:51:34 [main] INFO  o.s.d.r.c.RepositoryConfigurationDelegate - Finished Spring Data repository scanning in 0 ms. Found 0 Reactive Elasticsearch repository interfaces.
2024-09-24 21:51:34 [main] INFO  o.s.cloud.context.scope.GenericScope - BeanFactory id=e252a8e9-6412-39cf-9eb5-2fe31826bdd6
2024-09-24 21:51:34 [main] WARN  o.s.b.w.r.c.AnnotationConfigReactiveWebServerApplicationContext - Exception encountered during context initialization - cancelling refresh attempt: org.springframework.beans.factory.UnsatisfiedDependencyException: Error creating bean with name 'elasticDocumentController' defined in file [/Users/amanbhardwaj/Desktop/microservices-api/reactive-elastic-query-service/target/classes/com/microservices/api/reactive/elastic/query/service/api/ElasticDocumentController.class]: Unsatisfied dependency expressed through constructor parameter 0: Error creating bean with name 'twitterElasticQueryService' defined in file [/Users/amanbhardwaj/Desktop/microservices-api/reactive-elastic-query-service/target/classes/com/microservices/api/reactive/elastic/query/service/business/impl/TwitterElasticQueryService.class]: Unsatisfied dependency expressed through constructor parameter 0: Error creating bean with name 'twitterReactiveElasticQueryClient' defined in file [/Users/amanbhardwaj/Desktop/microservices-api/reactive-elastic-query-service/target/classes/com/microservices/api/reactive/elastic/query/service/business/impl/TwitterReactiveElasticQueryClient.class]: Unsatisfied dependency expressed through constructor parameter 0: No qualifying bean of type 'com.microservices.api.reactive.elastic.query.service.repository.ElasticQueryRepository' available: expected at least 1 bean which qualifies as autowire candidate. Dependency annotations: {}
2024-09-24 21:51:34 [main] INFO  o.s.b.a.l.ConditionEvaluationReportLogger - 

Error starting ApplicationContext. To display the condition evaluation report re-run your application with 'debug' enabled.
2024-09-24 21:51:34 [main] ERROR o.s.b.d.LoggingFailureAnalysisReporter - 

***************************
APPLICATION FAILED TO START
***************************

Description:

Parameter 0 of constructor in com.microservices.api.reactive.elastic.query.service.business.impl.TwitterReactiveElasticQueryClient required a bean of type 'com.microservices.api.reactive.elastic.query.service.repository.ElasticQueryRepository' that could not be found.


Action:

Consider defining a bean of type 'com.microservices.api.reactive.elastic.query.service.repository.ElasticQueryRepository' in your configuration.

2024-09-24 22:16:06 [background-preinit] INFO  o.h.validator.internal.util.Version - HV000001: Hibernate Validator 8.0.1.Final
2024-09-24 22:16:06 [main] INFO  com.microservices.api.reactive.elastic.query.service.ReactiveElasticQueryServiceApplication - Starting com.microservices.api.reactive.elastic.query.service.ReactiveElasticQueryServiceApplication using Java 21.0.2 with PID 39278 (/Users/amanbhardwaj/Desktop/microservices-api/reactive-elastic-query-service/target/classes started by amanbhardwaj in /Users/amanbhardwaj/Desktop/microservices-api/reactive-elastic-query-service)
2024-09-24 22:16:06 [main] INFO  com.microservices.api.reactive.elastic.query.service.ReactiveElasticQueryServiceApplication - The following 1 profile is active: "reactive_elastic_query"
2024-09-24 22:16:06 [main] INFO  o.s.c.c.c.ConfigServerConfigDataLoader - Fetching config from server at : http://localhost:8888
2024-09-24 22:16:06 [main] INFO  o.s.c.c.c.ConfigServerConfigDataLoader - Located environment: name=reactive-elastic-query-service,config-client, profiles=[default], label=null, version=134bc52a96265434b1277840bc6379ad1811df7e, state=null
2024-09-24 22:16:06 [main] INFO  o.s.c.c.c.ConfigServerConfigDataLoader - Fetching config from server at : http://localhost:8888
2024-09-24 22:16:06 [main] INFO  o.s.c.c.c.ConfigServerConfigDataLoader - Located environment: name=reactive-elastic-query-service,config-client, profiles=[reactive_elastic_query], label=null, version=134bc52a96265434b1277840bc6379ad1811df7e, state=null
2024-09-24 22:16:07 [main] INFO  o.s.d.r.c.RepositoryConfigurationDelegate - Bootstrapping Spring Data Elasticsearch repositories in DEFAULT mode.
2024-09-24 22:16:07 [main] WARN  o.s.b.a.AutoConfigurationPackages - @EnableAutoConfiguration was declared on a class in the default package. Automatic @Repository and @Entity scanning is not enabled.
2024-09-24 22:16:07 [main] INFO  o.s.d.r.c.RepositoryConfigurationDelegate - Finished Spring Data repository scanning in 4 ms. Found 0 Elasticsearch repository interfaces.
2024-09-24 22:16:07 [main] INFO  o.s.d.r.c.RepositoryConfigurationDelegate - Bootstrapping Spring Data Reactive Elasticsearch repositories in DEFAULT mode.
2024-09-24 22:16:07 [main] INFO  o.s.d.r.c.RepositoryConfigurationDelegate - Finished Spring Data repository scanning in 0 ms. Found 0 Reactive Elasticsearch repository interfaces.
2024-09-24 22:16:07 [main] INFO  o.s.cloud.context.scope.GenericScope - BeanFactory id=e252a8e9-6412-39cf-9eb5-2fe31826bdd6
2024-09-24 22:16:07 [main] WARN  o.s.b.w.r.c.AnnotationConfigReactiveWebServerApplicationContext - Exception encountered during context initialization - cancelling refresh attempt: org.springframework.beans.factory.UnsatisfiedDependencyException: Error creating bean with name 'elasticDocumentController' defined in file [/Users/amanbhardwaj/Desktop/microservices-api/reactive-elastic-query-service/target/classes/com/microservices/api/reactive/elastic/query/service/api/ElasticDocumentController.class]: Unsatisfied dependency expressed through constructor parameter 0: Error creating bean with name 'twitterElasticQueryService' defined in file [/Users/amanbhardwaj/Desktop/microservices-api/reactive-elastic-query-service/target/classes/com/microservices/api/reactive/elastic/query/service/business/impl/TwitterElasticQueryService.class]: Unsatisfied dependency expressed through constructor parameter 0: Error creating bean with name 'twitterReactiveElasticQueryClient' defined in file [/Users/amanbhardwaj/Desktop/microservices-api/reactive-elastic-query-service/target/classes/com/microservices/api/reactive/elastic/query/service/business/impl/TwitterReactiveElasticQueryClient.class]: Unsatisfied dependency expressed through constructor parameter 0: No qualifying bean of type 'com.microservices.api.reactive.elastic.query.service.repository.ElasticQueryRepository' available: expected at least 1 bean which qualifies as autowire candidate. Dependency annotations: {}
2024-09-24 22:16:07 [main] INFO  o.s.b.a.l.ConditionEvaluationReportLogger - 

Error starting ApplicationContext. To display the condition evaluation report re-run your application with 'debug' enabled.
2024-09-24 22:16:07 [main] ERROR o.s.b.d.LoggingFailureAnalysisReporter - 

***************************
APPLICATION FAILED TO START
***************************

Description:

Parameter 0 of constructor in com.microservices.api.reactive.elastic.query.service.business.impl.TwitterReactiveElasticQueryClient required a bean of type 'com.microservices.api.reactive.elastic.query.service.repository.ElasticQueryRepository' that could not be found.


Action:

Consider defining a bean of type 'com.microservices.api.reactive.elastic.query.service.repository.ElasticQueryRepository' in your configuration.

2024-09-24 22:42:48 [background-preinit] INFO  o.h.validator.internal.util.Version - HV000001: Hibernate Validator 8.0.1.Final
2024-09-24 22:42:48 [main] INFO  com.microservices.api.reactive.elastic.query.service.ReactiveElasticQueryServiceApplication - Starting com.microservices.api.reactive.elastic.query.service.ReactiveElasticQueryServiceApplication using Java 21.0.2 with PID 41467 (/Users/amanbhardwaj/Desktop/microservices-api/reactive-elastic-query-service/target/classes started by amanbhardwaj in /Users/amanbhardwaj/Desktop/microservices-api/reactive-elastic-query-service)
2024-09-24 22:42:48 [main] INFO  com.microservices.api.reactive.elastic.query.service.ReactiveElasticQueryServiceApplication - The following 1 profile is active: "reactive_elastic_query"
2024-09-24 22:42:48 [main] INFO  o.s.c.c.c.ConfigServerConfigDataLoader - Fetching config from server at : http://localhost:8888
2024-09-24 22:42:48 [main] INFO  o.s.c.c.c.ConfigServerConfigDataLoader - Located environment: name=reactive-elastic-query-service,config-client, profiles=[default], label=null, version=0219490cf38790aef3cec38047e3ddd6df517832, state=null
2024-09-24 22:42:48 [main] INFO  o.s.c.c.c.ConfigServerConfigDataLoader - Fetching config from server at : http://localhost:8888
2024-09-24 22:42:48 [main] INFO  o.s.c.c.c.ConfigServerConfigDataLoader - Located environment: name=reactive-elastic-query-service,config-client, profiles=[reactive_elastic_query], label=null, version=0219490cf38790aef3cec38047e3ddd6df517832, state=null
2024-09-24 22:42:49 [main] INFO  o.s.d.r.c.RepositoryConfigurationDelegate - Bootstrapping Spring Data Elasticsearch repositories in DEFAULT mode.
2024-09-24 22:42:49 [main] WARN  o.s.b.a.AutoConfigurationPackages - @EnableAutoConfiguration was declared on a class in the default package. Automatic @Repository and @Entity scanning is not enabled.
2024-09-24 22:42:49 [main] INFO  o.s.d.r.c.RepositoryConfigurationDelegate - Finished Spring Data repository scanning in 5 ms. Found 0 Elasticsearch repository interfaces.
2024-09-24 22:42:49 [main] INFO  o.s.d.r.c.RepositoryConfigurationDelegate - Bootstrapping Spring Data Reactive Elasticsearch repositories in DEFAULT mode.
2024-09-24 22:42:49 [main] INFO  o.s.d.r.c.RepositoryConfigurationDelegate - Finished Spring Data repository scanning in 0 ms. Found 0 Reactive Elasticsearch repository interfaces.
2024-09-24 22:42:49 [main] INFO  o.s.cloud.context.scope.GenericScope - BeanFactory id=e252a8e9-6412-39cf-9eb5-2fe31826bdd6
2024-09-24 22:42:49 [main] WARN  o.s.b.w.r.c.AnnotationConfigReactiveWebServerApplicationContext - Exception encountered during context initialization - cancelling refresh attempt: org.springframework.beans.factory.UnsatisfiedDependencyException: Error creating bean with name 'elasticDocumentController' defined in file [/Users/amanbhardwaj/Desktop/microservices-api/reactive-elastic-query-service/target/classes/com/microservices/api/reactive/elastic/query/service/api/ElasticDocumentController.class]: Unsatisfied dependency expressed through constructor parameter 0: Error creating bean with name 'twitterElasticQueryService' defined in file [/Users/amanbhardwaj/Desktop/microservices-api/reactive-elastic-query-service/target/classes/com/microservices/api/reactive/elastic/query/service/business/impl/TwitterElasticQueryService.class]: Unsatisfied dependency expressed through constructor parameter 0: Error creating bean with name 'twitterReactiveElasticQueryClient' defined in file [/Users/amanbhardwaj/Desktop/microservices-api/reactive-elastic-query-service/target/classes/com/microservices/api/reactive/elastic/query/service/business/impl/TwitterReactiveElasticQueryClient.class]: Unsatisfied dependency expressed through constructor parameter 0: No qualifying bean of type 'com.microservices.api.reactive.elastic.query.service.repository.ElasticQueryRepository' available: expected at least 1 bean which qualifies as autowire candidate. Dependency annotations: {}
2024-09-24 22:42:49 [main] INFO  o.s.b.a.l.ConditionEvaluationReportLogger - 

Error starting ApplicationContext. To display the condition evaluation report re-run your application with 'debug' enabled.
2024-09-24 22:42:49 [main] ERROR o.s.b.d.LoggingFailureAnalysisReporter - 

***************************
APPLICATION FAILED TO START
***************************

Description:

Parameter 0 of constructor in com.microservices.api.reactive.elastic.query.service.business.impl.TwitterReactiveElasticQueryClient required a bean of type 'com.microservices.api.reactive.elastic.query.service.repository.ElasticQueryRepository' that could not be found.


Action:

Consider defining a bean of type 'com.microservices.api.reactive.elastic.query.service.repository.ElasticQueryRepository' in your configuration.

2024-09-24 23:26:05 [background-preinit] INFO  o.h.validator.internal.util.Version - HV000001: Hibernate Validator 8.0.1.Final
2024-09-24 23:26:05 [main] INFO  com.microservices.api.reactive.elastic.query.service.ReactiveElasticQueryServiceApplication - Starting com.microservices.api.reactive.elastic.query.service.ReactiveElasticQueryServiceApplication using Java 21.0.2 with PID 45866 (/Users/amanbhardwaj/Desktop/microservices-api/reactive-elastic-query-service/target/classes started by amanbhardwaj in /Users/amanbhardwaj/Desktop/microservices-api/reactive-elastic-query-service)
2024-09-24 23:26:05 [main] INFO  com.microservices.api.reactive.elastic.query.service.ReactiveElasticQueryServiceApplication - The following 1 profile is active: "reactive_elastic_query"
2024-09-24 23:26:05 [main] INFO  o.s.c.c.c.ConfigServerConfigDataLoader - Fetching config from server at : http://localhost:8888
2024-09-24 23:26:05 [main] INFO  o.s.c.c.c.ConfigServerConfigDataLoader - Located environment: name=reactive-elastic-query-service,config-client, profiles=[default], label=null, version=0219490cf38790aef3cec38047e3ddd6df517832, state=null
2024-09-24 23:26:05 [main] INFO  o.s.c.c.c.ConfigServerConfigDataLoader - Fetching config from server at : http://localhost:8888
2024-09-24 23:26:05 [main] INFO  o.s.c.c.c.ConfigServerConfigDataLoader - Located environment: name=reactive-elastic-query-service,config-client, profiles=[reactive_elastic_query], label=null, version=0219490cf38790aef3cec38047e3ddd6df517832, state=null
2024-09-24 23:26:06 [main] INFO  o.s.d.r.c.RepositoryConfigurationDelegate - Bootstrapping Spring Data Elasticsearch repositories in DEFAULT mode.
2024-09-24 23:26:06 [main] WARN  o.s.b.a.AutoConfigurationPackages - @EnableAutoConfiguration was declared on a class in the default package. Automatic @Repository and @Entity scanning is not enabled.
2024-09-24 23:26:06 [main] INFO  o.s.d.r.c.RepositoryConfigurationDelegate - Finished Spring Data repository scanning in 4 ms. Found 0 Elasticsearch repository interfaces.
2024-09-24 23:26:06 [main] INFO  o.s.d.r.c.RepositoryConfigurationDelegate - Bootstrapping Spring Data Reactive Elasticsearch repositories in DEFAULT mode.
2024-09-24 23:26:06 [main] INFO  o.s.d.r.c.RepositoryConfigurationDelegate - Finished Spring Data repository scanning in 0 ms. Found 0 Reactive Elasticsearch repository interfaces.
2024-09-24 23:26:06 [main] INFO  o.s.cloud.context.scope.GenericScope - BeanFactory id=e252a8e9-6412-39cf-9eb5-2fe31826bdd6
2024-09-24 23:26:06 [main] WARN  o.s.b.w.r.c.AnnotationConfigReactiveWebServerApplicationContext - Exception encountered during context initialization - cancelling refresh attempt: org.springframework.beans.factory.UnsatisfiedDependencyException: Error creating bean with name 'elasticDocumentController' defined in file [/Users/amanbhardwaj/Desktop/microservices-api/reactive-elastic-query-service/target/classes/com/microservices/api/reactive/elastic/query/service/api/ElasticDocumentController.class]: Unsatisfied dependency expressed through constructor parameter 0: Error creating bean with name 'twitterElasticQueryService' defined in file [/Users/amanbhardwaj/Desktop/microservices-api/reactive-elastic-query-service/target/classes/com/microservices/api/reactive/elastic/query/service/business/impl/TwitterElasticQueryService.class]: Unsatisfied dependency expressed through constructor parameter 0: Error creating bean with name 'twitterReactiveElasticQueryClient' defined in file [/Users/amanbhardwaj/Desktop/microservices-api/reactive-elastic-query-service/target/classes/com/microservices/api/reactive/elastic/query/service/business/impl/TwitterReactiveElasticQueryClient.class]: Unsatisfied dependency expressed through constructor parameter 0: No qualifying bean of type 'com.microservices.api.reactive.elastic.query.service.repository.ElasticQueryRepository' available: expected at least 1 bean which qualifies as autowire candidate. Dependency annotations: {}
2024-09-24 23:26:06 [main] INFO  o.s.b.a.l.ConditionEvaluationReportLogger - 

Error starting ApplicationContext. To display the condition evaluation report re-run your application with 'debug' enabled.
2024-09-24 23:26:06 [main] ERROR o.s.b.d.LoggingFailureAnalysisReporter - 

***************************
APPLICATION FAILED TO START
***************************

Description:

Parameter 0 of constructor in com.microservices.api.reactive.elastic.query.service.business.impl.TwitterReactiveElasticQueryClient required a bean of type 'com.microservices.api.reactive.elastic.query.service.repository.ElasticQueryRepository' that could not be found.


Action:

Consider defining a bean of type 'com.microservices.api.reactive.elastic.query.service.repository.ElasticQueryRepository' in your configuration.

2024-09-24 23:28:35 [background-preinit] INFO  o.h.validator.internal.util.Version - HV000001: Hibernate Validator 8.0.1.Final
2024-09-24 23:28:35 [main] INFO  com.microservices.api.reactive.elastic.query.service.ReactiveElasticQueryServiceApplication - Starting com.microservices.api.reactive.elastic.query.service.ReactiveElasticQueryServiceApplication using Java 21.0.2 with PID 46095 (/Users/amanbhardwaj/Desktop/microservices-api/reactive-elastic-query-service/target/classes started by amanbhardwaj in /Users/amanbhardwaj/Desktop/microservices-api/reactive-elastic-query-service)
2024-09-24 23:28:35 [main] INFO  com.microservices.api.reactive.elastic.query.service.ReactiveElasticQueryServiceApplication - The following 1 profile is active: "reactive_elastic_query"
2024-09-24 23:28:35 [main] INFO  o.s.c.c.c.ConfigServerConfigDataLoader - Fetching config from server at : http://localhost:8888
2024-09-24 23:28:35 [main] INFO  o.s.c.c.c.ConfigServerConfigDataLoader - Located environment: name=reactive-elastic-query-service,config-client, profiles=[default], label=null, version=0219490cf38790aef3cec38047e3ddd6df517832, state=null
2024-09-24 23:28:35 [main] INFO  o.s.c.c.c.ConfigServerConfigDataLoader - Fetching config from server at : http://localhost:8888
2024-09-24 23:28:35 [main] INFO  o.s.c.c.c.ConfigServerConfigDataLoader - Located environment: name=reactive-elastic-query-service,config-client, profiles=[reactive_elastic_query], label=null, version=0219490cf38790aef3cec38047e3ddd6df517832, state=null
2024-09-24 23:28:36 [main] INFO  o.s.d.r.c.RepositoryConfigurationDelegate - Bootstrapping Spring Data Reactive Elasticsearch repositories in DEFAULT mode.
2024-09-24 23:28:36 [main] INFO  o.s.d.r.c.RepositoryConfigurationDelegate - Finished Spring Data repository scanning in 52 ms. Found 1 Reactive Elasticsearch repository interface.
2024-09-24 23:28:36 [main] INFO  o.s.d.r.c.RepositoryConfigurationDelegate - Bootstrapping Spring Data Elasticsearch repositories in DEFAULT mode.
2024-09-24 23:28:36 [main] WARN  o.s.b.a.AutoConfigurationPackages - @EnableAutoConfiguration was declared on a class in the default package. Automatic @Repository and @Entity scanning is not enabled.
2024-09-24 23:28:36 [main] INFO  o.s.d.r.c.RepositoryConfigurationDelegate - Finished Spring Data repository scanning in 3 ms. Found 0 Elasticsearch repository interfaces.
2024-09-24 23:28:36 [main] INFO  o.s.cloud.context.scope.GenericScope - BeanFactory id=726f4d8e-fee9-375f-af6e-2c0e01791f77
2024-09-24 23:28:36 [main] WARN  o.s.b.w.r.c.AnnotationConfigReactiveWebServerApplicationContext - Exception encountered during context initialization - cancelling refresh attempt: org.springframework.beans.factory.UnsatisfiedDependencyException: Error creating bean with name 'elasticDocumentController' defined in file [/Users/amanbhardwaj/Desktop/microservices-api/reactive-elastic-query-service/target/classes/com/microservices/api/reactive/elastic/query/service/api/ElasticDocumentController.class]: Unsatisfied dependency expressed through constructor parameter 0: Error creating bean with name 'twitterElasticQueryService' defined in file [/Users/amanbhardwaj/Desktop/microservices-api/reactive-elastic-query-service/target/classes/com/microservices/api/reactive/elastic/query/service/business/impl/TwitterElasticQueryService.class]: Unsatisfied dependency expressed through constructor parameter 0: Error creating bean with name 'twitterReactiveElasticQueryClient' defined in file [/Users/amanbhardwaj/Desktop/microservices-api/reactive-elastic-query-service/target/classes/com/microservices/api/reactive/elastic/query/service/business/impl/TwitterReactiveElasticQueryClient.class]: Unsatisfied dependency expressed through constructor parameter 0: Error creating bean with name 'elasticQueryRepository' defined in com.microservices.api.reactive.elastic.query.service.repository.ElasticQueryRepository defined in @EnableReactiveElasticsearchRepositories declared on com.microservices.api.reactive.elastic.query.service.ReactiveElasticQueryServiceApplication: Failed to instantiate [org.springframework.data.elasticsearch.repository.support.SimpleReactiveElasticsearchRepository]: Constructor threw exception
2024-09-24 23:28:36 [main] INFO  o.s.b.a.l.ConditionEvaluationReportLogger - 

Error starting ApplicationContext. To display the condition evaluation report re-run your application with 'debug' enabled.
2024-09-24 23:28:36 [main] ERROR o.s.boot.SpringApplication - Application run failed
org.springframework.beans.factory.UnsatisfiedDependencyException: Error creating bean with name 'elasticDocumentController' defined in file [/Users/amanbhardwaj/Desktop/microservices-api/reactive-elastic-query-service/target/classes/com/microservices/api/reactive/elastic/query/service/api/ElasticDocumentController.class]: Unsatisfied dependency expressed through constructor parameter 0: Error creating bean with name 'twitterElasticQueryService' defined in file [/Users/amanbhardwaj/Desktop/microservices-api/reactive-elastic-query-service/target/classes/com/microservices/api/reactive/elastic/query/service/business/impl/TwitterElasticQueryService.class]: Unsatisfied dependency expressed through constructor parameter 0: Error creating bean with name 'twitterReactiveElasticQueryClient' defined in file [/Users/amanbhardwaj/Desktop/microservices-api/reactive-elastic-query-service/target/classes/com/microservices/api/reactive/elastic/query/service/business/impl/TwitterReactiveElasticQueryClient.class]: Unsatisfied dependency expressed through constructor parameter 0: Error creating bean with name 'elasticQueryRepository' defined in com.microservices.api.reactive.elastic.query.service.repository.ElasticQueryRepository defined in @EnableReactiveElasticsearchRepositories declared on com.microservices.api.reactive.elastic.query.service.ReactiveElasticQueryServiceApplication: Failed to instantiate [org.springframework.data.elasticsearch.repository.support.SimpleReactiveElasticsearchRepository]: Constructor threw exception
	at org.springframework.beans.factory.support.ConstructorResolver.createArgumentArray(ConstructorResolver.java:795)
	at org.springframework.beans.factory.support.ConstructorResolver.autowireConstructor(ConstructorResolver.java:237)
	at org.springframework.beans.factory.support.AbstractAutowireCapableBeanFactory.autowireConstructor(AbstractAutowireCapableBeanFactory.java:1375)
	at org.springframework.beans.factory.support.AbstractAutowireCapableBeanFactory.createBeanInstance(AbstractAutowireCapableBeanFactory.java:1212)
	at org.springframework.beans.factory.support.AbstractAutowireCapableBeanFactory.doCreateBean(AbstractAutowireCapableBeanFactory.java:562)
	at org.springframework.beans.factory.support.AbstractAutowireCapableBeanFactory.createBean(AbstractAutowireCapableBeanFactory.java:522)
	at org.springframework.beans.factory.support.AbstractBeanFactory.lambda$doGetBean$0(AbstractBeanFactory.java:337)
	at org.springframework.beans.factory.support.DefaultSingletonBeanRegistry.getSingleton(DefaultSingletonBeanRegistry.java:234)
	at org.springframework.beans.factory.support.AbstractBeanFactory.doGetBean(AbstractBeanFactory.java:335)
	at org.springframework.beans.factory.support.AbstractBeanFactory.getBean(AbstractBeanFactory.java:200)
	at org.springframework.beans.factory.support.DefaultListableBeanFactory.preInstantiateSingletons(DefaultListableBeanFactory.java:975)
	at org.springframework.context.support.AbstractApplicationContext.finishBeanFactoryInitialization(AbstractApplicationContext.java:971)
	at org.springframework.context.support.AbstractApplicationContext.refresh(AbstractApplicationContext.java:625)
	at org.springframework.boot.web.reactive.context.ReactiveWebServerApplicationContext.refresh(ReactiveWebServerApplicationContext.java:66)
	at org.springframework.boot.SpringApplication.refresh(SpringApplication.java:754)
	at org.springframework.boot.SpringApplication.refreshContext(SpringApplication.java:456)
	at org.springframework.boot.SpringApplication.run(SpringApplication.java:335)
	at org.springframework.boot.SpringApplication.run(SpringApplication.java:1363)
	at org.springframework.boot.SpringApplication.run(SpringApplication.java:1352)
	at com.microservices.api.reactive.elastic.query.service.ReactiveElasticQueryServiceApplication.main(com.microservices.api.reactive.elastic.query.service.ReactiveElasticQueryServiceApplication.java:11)
Caused by: org.springframework.beans.factory.UnsatisfiedDependencyException: Error creating bean with name 'twitterElasticQueryService' defined in file [/Users/amanbhardwaj/Desktop/microservices-api/reactive-elastic-query-service/target/classes/com/microservices/api/reactive/elastic/query/service/business/impl/TwitterElasticQueryService.class]: Unsatisfied dependency expressed through constructor parameter 0: Error creating bean with name 'twitterReactiveElasticQueryClient' defined in file [/Users/amanbhardwaj/Desktop/microservices-api/reactive-elastic-query-service/target/classes/com/microservices/api/reactive/elastic/query/service/business/impl/TwitterReactiveElasticQueryClient.class]: Unsatisfied dependency expressed through constructor parameter 0: Error creating bean with name 'elasticQueryRepository' defined in com.microservices.api.reactive.elastic.query.service.repository.ElasticQueryRepository defined in @EnableReactiveElasticsearchRepositories declared on com.microservices.api.reactive.elastic.query.service.ReactiveElasticQueryServiceApplication: Failed to instantiate [org.springframework.data.elasticsearch.repository.support.SimpleReactiveElasticsearchRepository]: Constructor threw exception
	at org.springframework.beans.factory.support.ConstructorResolver.createArgumentArray(ConstructorResolver.java:795)
	at org.springframework.beans.factory.support.ConstructorResolver.autowireConstructor(ConstructorResolver.java:237)
	at org.springframework.beans.factory.support.AbstractAutowireCapableBeanFactory.autowireConstructor(AbstractAutowireCapableBeanFactory.java:1375)
	at org.springframework.beans.factory.support.AbstractAutowireCapableBeanFactory.createBeanInstance(AbstractAutowireCapableBeanFactory.java:1212)
	at org.springframework.beans.factory.support.AbstractAutowireCapableBeanFactory.doCreateBean(AbstractAutowireCapableBeanFactory.java:562)
	at org.springframework.beans.factory.support.AbstractAutowireCapableBeanFactory.createBean(AbstractAutowireCapableBeanFactory.java:522)
	at org.springframework.beans.factory.support.AbstractBeanFactory.lambda$doGetBean$0(AbstractBeanFactory.java:337)
	at org.springframework.beans.factory.support.DefaultSingletonBeanRegistry.getSingleton(DefaultSingletonBeanRegistry.java:234)
	at org.springframework.beans.factory.support.AbstractBeanFactory.doGetBean(AbstractBeanFactory.java:335)
	at org.springframework.beans.factory.support.AbstractBeanFactory.getBean(AbstractBeanFactory.java:200)
	at org.springframework.beans.factory.config.DependencyDescriptor.resolveCandidate(DependencyDescriptor.java:254)
	at org.springframework.beans.factory.support.DefaultListableBeanFactory.doResolveDependency(DefaultListableBeanFactory.java:1443)
	at org.springframework.beans.factory.support.DefaultListableBeanFactory.resolveDependency(DefaultListableBeanFactory.java:1353)
	at org.springframework.beans.factory.support.ConstructorResolver.resolveAutowiredArgument(ConstructorResolver.java:904)
	at org.springframework.beans.factory.support.ConstructorResolver.createArgumentArray(ConstructorResolver.java:782)
	... 19 common frames omitted
Caused by: org.springframework.beans.factory.UnsatisfiedDependencyException: Error creating bean with name 'twitterReactiveElasticQueryClient' defined in file [/Users/amanbhardwaj/Desktop/microservices-api/reactive-elastic-query-service/target/classes/com/microservices/api/reactive/elastic/query/service/business/impl/TwitterReactiveElasticQueryClient.class]: Unsatisfied dependency expressed through constructor parameter 0: Error creating bean with name 'elasticQueryRepository' defined in com.microservices.api.reactive.elastic.query.service.repository.ElasticQueryRepository defined in @EnableReactiveElasticsearchRepositories declared on com.microservices.api.reactive.elastic.query.service.ReactiveElasticQueryServiceApplication: Failed to instantiate [org.springframework.data.elasticsearch.repository.support.SimpleReactiveElasticsearchRepository]: Constructor threw exception
	at org.springframework.beans.factory.support.ConstructorResolver.createArgumentArray(ConstructorResolver.java:795)
	at org.springframework.beans.factory.support.ConstructorResolver.autowireConstructor(ConstructorResolver.java:237)
	at org.springframework.beans.factory.support.AbstractAutowireCapableBeanFactory.autowireConstructor(AbstractAutowireCapableBeanFactory.java:1375)
	at org.springframework.beans.factory.support.AbstractAutowireCapableBeanFactory.createBeanInstance(AbstractAutowireCapableBeanFactory.java:1212)
	at org.springframework.beans.factory.support.AbstractAutowireCapableBeanFactory.doCreateBean(AbstractAutowireCapableBeanFactory.java:562)
	at org.springframework.beans.factory.support.AbstractAutowireCapableBeanFactory.createBean(AbstractAutowireCapableBeanFactory.java:522)
	at org.springframework.beans.factory.support.AbstractBeanFactory.lambda$doGetBean$0(AbstractBeanFactory.java:337)
	at org.springframework.beans.factory.support.DefaultSingletonBeanRegistry.getSingleton(DefaultSingletonBeanRegistry.java:234)
	at org.springframework.beans.factory.support.AbstractBeanFactory.doGetBean(AbstractBeanFactory.java:335)
	at org.springframework.beans.factory.support.AbstractBeanFactory.getBean(AbstractBeanFactory.java:200)
	at org.springframework.beans.factory.config.DependencyDescriptor.resolveCandidate(DependencyDescriptor.java:254)
	at org.springframework.beans.factory.support.DefaultListableBeanFactory.doResolveDependency(DefaultListableBeanFactory.java:1443)
	at org.springframework.beans.factory.support.DefaultListableBeanFactory.resolveDependency(DefaultListableBeanFactory.java:1353)
	at org.springframework.beans.factory.support.ConstructorResolver.resolveAutowiredArgument(ConstructorResolver.java:904)
	at org.springframework.beans.factory.support.ConstructorResolver.createArgumentArray(ConstructorResolver.java:782)
	... 33 common frames omitted
Caused by: org.springframework.beans.factory.BeanCreationException: Error creating bean with name 'elasticQueryRepository' defined in com.microservices.api.reactive.elastic.query.service.repository.ElasticQueryRepository defined in @EnableReactiveElasticsearchRepositories declared on com.microservices.api.reactive.elastic.query.service.ReactiveElasticQueryServiceApplication: Failed to instantiate [org.springframework.data.elasticsearch.repository.support.SimpleReactiveElasticsearchRepository]: Constructor threw exception
	at org.springframework.beans.factory.support.AbstractAutowireCapableBeanFactory.initializeBean(AbstractAutowireCapableBeanFactory.java:1806)
	at org.springframework.beans.factory.support.AbstractAutowireCapableBeanFactory.doCreateBean(AbstractAutowireCapableBeanFactory.java:600)
	at org.springframework.beans.factory.support.AbstractAutowireCapableBeanFactory.createBean(AbstractAutowireCapableBeanFactory.java:522)
	at org.springframework.beans.factory.support.AbstractBeanFactory.lambda$doGetBean$0(AbstractBeanFactory.java:337)
	at org.springframework.beans.factory.support.DefaultSingletonBeanRegistry.getSingleton(DefaultSingletonBeanRegistry.java:234)
	at org.springframework.beans.factory.support.AbstractBeanFactory.doGetBean(AbstractBeanFactory.java:335)
	at org.springframework.beans.factory.support.AbstractBeanFactory.getBean(AbstractBeanFactory.java:200)
	at org.springframework.beans.factory.config.DependencyDescriptor.resolveCandidate(DependencyDescriptor.java:254)
	at org.springframework.beans.factory.support.DefaultListableBeanFactory.doResolveDependency(DefaultListableBeanFactory.java:1443)
	at org.springframework.beans.factory.support.DefaultListableBeanFactory.resolveDependency(DefaultListableBeanFactory.java:1353)
	at org.springframework.beans.factory.support.ConstructorResolver.resolveAutowiredArgument(ConstructorResolver.java:904)
	at org.springframework.beans.factory.support.ConstructorResolver.createArgumentArray(ConstructorResolver.java:782)
	... 47 common frames omitted
Caused by: org.springframework.beans.BeanInstantiationException: Failed to instantiate [org.springframework.data.elasticsearch.repository.support.SimpleReactiveElasticsearchRepository]: Constructor threw exception
	at org.springframework.beans.BeanUtils.instantiateClass(BeanUtils.java:221)
	at org.springframework.data.repository.core.support.RepositoryFactorySupport.lambda$instantiateClass$5(RepositoryFactorySupport.java:571)
	at java.base/java.util.Optional.map(Optional.java:260)
	at org.springframework.data.repository.core.support.RepositoryFactorySupport.instantiateClass(RepositoryFactorySupport.java:571)
	at org.springframework.data.repository.core.support.RepositoryFactorySupport.getTargetRepositoryViaReflection(RepositoryFactorySupport.java:536)
	at org.springframework.data.elasticsearch.repository.support.ReactiveElasticsearchRepositoryFactory.getTargetRepository(ReactiveElasticsearchRepositoryFactory.java:92)
	at org.springframework.data.repository.core.support.RepositoryFactorySupport.getRepository(RepositoryFactorySupport.java:317)
	at org.springframework.data.repository.core.support.RepositoryFactoryBeanSupport.lambda$afterPropertiesSet$5(RepositoryFactoryBeanSupport.java:286)
	at org.springframework.data.util.Lazy.getNullable(Lazy.java:135)
	at org.springframework.data.util.Lazy.get(Lazy.java:113)
	at org.springframework.data.repository.core.support.RepositoryFactoryBeanSupport.afterPropertiesSet(RepositoryFactoryBeanSupport.java:292)
	at org.springframework.data.elasticsearch.repository.support.ReactiveElasticsearchRepositoryFactoryBean.afterPropertiesSet(ReactiveElasticsearchRepositoryFactoryBean.java:102)
	at org.springframework.beans.factory.support.AbstractAutowireCapableBeanFactory.invokeInitMethods(AbstractAutowireCapableBeanFactory.java:1853)
	at org.springframework.beans.factory.support.AbstractAutowireCapableBeanFactory.initializeBean(AbstractAutowireCapableBeanFactory.java:1802)
	... 58 common frames omitted
Caused by: org.springframework.dao.DataAccessResourceFailureException: Connection refused
	at org.springframework.data.elasticsearch.client.elc.ElasticsearchExceptionTranslator.translateExceptionIfPossible(ElasticsearchExceptionTranslator.java:111)
	at org.springframework.data.elasticsearch.client.elc.ElasticsearchExceptionTranslator.translateException(ElasticsearchExceptionTranslator.java:65)
	at reactor.core.publisher.Flux.lambda$onErrorMap$28(Flux.java:7275)
	at reactor.core.publisher.FluxOnErrorResume$ResumeSubscriber.onError(FluxOnErrorResume.java:94)
	at reactor.core.publisher.MonoCompletionStage$MonoCompletionStageSubscription.apply(MonoCompletionStage.java:118)
	at reactor.core.publisher.MonoCompletionStage$MonoCompletionStageSubscription.apply(MonoCompletionStage.java:67)
	at java.base/java.util.concurrent.CompletableFuture.uniHandle(CompletableFuture.java:934)
	at java.base/java.util.concurrent.CompletableFuture$UniHandle.tryFire(CompletableFuture.java:911)
	at java.base/java.util.concurrent.CompletableFuture.postComplete(CompletableFuture.java:510)
	at java.base/java.util.concurrent.CompletableFuture.completeExceptionally(CompletableFuture.java:2194)
	at co.elastic.clients.transport.ElasticsearchTransportBase.lambda$performRequestAsync$0(ElasticsearchTransportBase.java:205)
	at java.base/java.util.concurrent.CompletableFuture.uniHandle(CompletableFuture.java:934)
	at java.base/java.util.concurrent.CompletableFuture$UniHandle.tryFire(CompletableFuture.java:911)
	at java.base/java.util.concurrent.CompletableFuture.postComplete(CompletableFuture.java:510)
	at java.base/java.util.concurrent.CompletableFuture.completeExceptionally(CompletableFuture.java:2194)
	at co.elastic.clients.transport.rest_client.RestClientHttpClient$1.onFailure(RestClientHttpClient.java:120)
	at org.elasticsearch.client.RestClient$FailureTrackingResponseListener.onDefinitiveFailure(RestClient.java:688)
	at org.elasticsearch.client.RestClient$1.failed(RestClient.java:426)
	at org.apache.http.concurrent.BasicFuture.failed(BasicFuture.java:137)
	at org.apache.http.impl.nio.client.DefaultClientExchangeHandlerImpl.executionFailed(DefaultClientExchangeHandlerImpl.java:101)
	at org.apache.http.impl.nio.client.AbstractClientExchangeHandler.failed(AbstractClientExchangeHandler.java:432)
	at org.apache.http.impl.nio.client.AbstractClientExchangeHandler.connectionRequestFailed(AbstractClientExchangeHandler.java:352)
	at org.apache.http.impl.nio.client.AbstractClientExchangeHandler.access$100(AbstractClientExchangeHandler.java:64)
	at org.apache.http.impl.nio.client.AbstractClientExchangeHandler$1.failed(AbstractClientExchangeHandler.java:396)
	at org.apache.http.concurrent.BasicFuture.failed(BasicFuture.java:137)
	at org.apache.http.impl.nio.conn.PoolingNHttpClientConnectionManager$1.failed(PoolingNHttpClientConnectionManager.java:318)
	at org.apache.http.concurrent.BasicFuture.failed(BasicFuture.java:137)
	at org.apache.http.nio.pool.RouteSpecificPool.failed(RouteSpecificPool.java:162)
	at org.apache.http.nio.pool.AbstractNIOConnPool.requestFailed(AbstractNIOConnPool.java:611)
	at org.apache.http.nio.pool.AbstractNIOConnPool$InternalSessionRequestCallback.failed(AbstractNIOConnPool.java:891)
	at org.apache.http.impl.nio.reactor.SessionRequestImpl.failed(SessionRequestImpl.java:177)
	at org.apache.http.impl.nio.reactor.DefaultConnectingIOReactor.processEvent(DefaultConnectingIOReactor.java:176)
	at org.apache.http.impl.nio.reactor.DefaultConnectingIOReactor.processEvents(DefaultConnectingIOReactor.java:148)
	at org.apache.http.impl.nio.reactor.AbstractMultiworkerIOReactor.execute(AbstractMultiworkerIOReactor.java:351)
	at org.apache.http.impl.nio.conn.PoolingNHttpClientConnectionManager.execute(PoolingNHttpClientConnectionManager.java:221)
	at org.apache.http.impl.nio.client.CloseableHttpAsyncClientBase$1.run(CloseableHttpAsyncClientBase.java:64)
	at java.base/java.lang.Thread.run(Thread.java:1583)
	Suppressed: java.lang.Exception: #block terminated with an error
		at reactor.core.publisher.BlockingSingleSubscriber.blockingGet(BlockingSingleSubscriber.java:104)
		at reactor.core.publisher.Mono.block(Mono.java:1779)
		at org.springframework.data.elasticsearch.core.IndexOperationsAdapter$1.exists(IndexOperationsAdapter.java:70)
		at org.springframework.data.elasticsearch.repository.support.SimpleReactiveElasticsearchRepository.createIndexAndMappingIfNeeded(SimpleReactiveElasticsearchRepository.java:75)
		at org.springframework.data.elasticsearch.repository.support.SimpleReactiveElasticsearchRepository.<init>(SimpleReactiveElasticsearchRepository.java:66)
		at java.base/jdk.internal.reflect.DirectConstructorHandleAccessor.newInstance(DirectConstructorHandleAccessor.java:62)
		at java.base/java.lang.reflect.Constructor.newInstanceWithCaller(Constructor.java:502)
		at java.base/java.lang.reflect.Constructor.newInstance(Constructor.java:486)
		at org.springframework.beans.BeanUtils.instantiateClass(BeanUtils.java:208)
		at org.springframework.data.repository.core.support.RepositoryFactorySupport.lambda$instantiateClass$5(RepositoryFactorySupport.java:571)
		at java.base/java.util.Optional.map(Optional.java:260)
		at org.springframework.data.repository.core.support.RepositoryFactorySupport.instantiateClass(RepositoryFactorySupport.java:571)
		at org.springframework.data.repository.core.support.RepositoryFactorySupport.getTargetRepositoryViaReflection(RepositoryFactorySupport.java:536)
		at org.springframework.data.elasticsearch.repository.support.ReactiveElasticsearchRepositoryFactory.getTargetRepository(ReactiveElasticsearchRepositoryFactory.java:92)
		at org.springframework.data.repository.core.support.RepositoryFactorySupport.getRepository(RepositoryFactorySupport.java:317)
		at org.springframework.data.repository.core.support.RepositoryFactoryBeanSupport.lambda$afterPropertiesSet$5(RepositoryFactoryBeanSupport.java:286)
		at org.springframework.data.util.Lazy.getNullable(Lazy.java:135)
		at org.springframework.data.util.Lazy.get(Lazy.java:113)
		at org.springframework.data.repository.core.support.RepositoryFactoryBeanSupport.afterPropertiesSet(RepositoryFactoryBeanSupport.java:292)
		at org.springframework.data.elasticsearch.repository.support.ReactiveElasticsearchRepositoryFactoryBean.afterPropertiesSet(ReactiveElasticsearchRepositoryFactoryBean.java:102)
		at org.springframework.beans.factory.support.AbstractAutowireCapableBeanFactory.invokeInitMethods(AbstractAutowireCapableBeanFactory.java:1853)
		at org.springframework.beans.factory.support.AbstractAutowireCapableBeanFactory.initializeBean(AbstractAutowireCapableBeanFactory.java:1802)
		at org.springframework.beans.factory.support.AbstractAutowireCapableBeanFactory.doCreateBean(AbstractAutowireCapableBeanFactory.java:600)
		at org.springframework.beans.factory.support.AbstractAutowireCapableBeanFactory.createBean(AbstractAutowireCapableBeanFactory.java:522)
		at org.springframework.beans.factory.support.AbstractBeanFactory.lambda$doGetBean$0(AbstractBeanFactory.java:337)
		at org.springframework.beans.factory.support.DefaultSingletonBeanRegistry.getSingleton(DefaultSingletonBeanRegistry.java:234)
		at org.springframework.beans.factory.support.AbstractBeanFactory.doGetBean(AbstractBeanFactory.java:335)
		at org.springframework.beans.factory.support.AbstractBeanFactory.getBean(AbstractBeanFactory.java:200)
		at org.springframework.beans.factory.config.DependencyDescriptor.resolveCandidate(DependencyDescriptor.java:254)
		at org.springframework.beans.factory.support.DefaultListableBeanFactory.doResolveDependency(DefaultListableBeanFactory.java:1443)
		at org.springframework.beans.factory.support.DefaultListableBeanFactory.resolveDependency(DefaultListableBeanFactory.java:1353)
		at org.springframework.beans.factory.support.ConstructorResolver.resolveAutowiredArgument(ConstructorResolver.java:904)
		at org.springframework.beans.factory.support.ConstructorResolver.createArgumentArray(ConstructorResolver.java:782)
		at org.springframework.beans.factory.support.ConstructorResolver.autowireConstructor(ConstructorResolver.java:237)
		at org.springframework.beans.factory.support.AbstractAutowireCapableBeanFactory.autowireConstructor(AbstractAutowireCapableBeanFactory.java:1375)
		at org.springframework.beans.factory.support.AbstractAutowireCapableBeanFactory.createBeanInstance(AbstractAutowireCapableBeanFactory.java:1212)
		at org.springframework.beans.factory.support.AbstractAutowireCapableBeanFactory.doCreateBean(AbstractAutowireCapableBeanFactory.java:562)
		at org.springframework.beans.factory.support.AbstractAutowireCapableBeanFactory.createBean(AbstractAutowireCapableBeanFactory.java:522)
		at org.springframework.beans.factory.support.AbstractBeanFactory.lambda$doGetBean$0(AbstractBeanFactory.java:337)
		at org.springframework.beans.factory.support.DefaultSingletonBeanRegistry.getSingleton(DefaultSingletonBeanRegistry.java:234)
		at org.springframework.beans.factory.support.AbstractBeanFactory.doGetBean(AbstractBeanFactory.java:335)
		at org.springframework.beans.factory.support.AbstractBeanFactory.getBean(AbstractBeanFactory.java:200)
		at org.springframework.beans.factory.config.DependencyDescriptor.resolveCandidate(DependencyDescriptor.java:254)
		at org.springframework.beans.factory.support.DefaultListableBeanFactory.doResolveDependency(DefaultListableBeanFactory.java:1443)
		at org.springframework.beans.factory.support.DefaultListableBeanFactory.resolveDependency(DefaultListableBeanFactory.java:1353)
		at org.springframework.beans.factory.support.ConstructorResolver.resolveAutowiredArgument(ConstructorResolver.java:904)
		at org.springframework.beans.factory.support.ConstructorResolver.createArgumentArray(ConstructorResolver.java:782)
		at org.springframework.beans.factory.support.ConstructorResolver.autowireConstructor(ConstructorResolver.java:237)
		at org.springframework.beans.factory.support.AbstractAutowireCapableBeanFactory.autowireConstructor(AbstractAutowireCapableBeanFactory.java:1375)
		at org.springframework.beans.factory.support.AbstractAutowireCapableBeanFactory.createBeanInstance(AbstractAutowireCapableBeanFactory.java:1212)
		at org.springframework.beans.factory.support.AbstractAutowireCapableBeanFactory.doCreateBean(AbstractAutowireCapableBeanFactory.java:562)
		at org.springframework.beans.factory.support.AbstractAutowireCapableBeanFactory.createBean(AbstractAutowireCapableBeanFactory.java:522)
		at org.springframework.beans.factory.support.AbstractBeanFactory.lambda$doGetBean$0(AbstractBeanFactory.java:337)
		at org.springframework.beans.factory.support.DefaultSingletonBeanRegistry.getSingleton(DefaultSingletonBeanRegistry.java:234)
		at org.springframework.beans.factory.support.AbstractBeanFactory.doGetBean(AbstractBeanFactory.java:335)
		at org.springframework.beans.factory.support.AbstractBeanFactory.getBean(AbstractBeanFactory.java:200)
		at org.springframework.beans.factory.config.DependencyDescriptor.resolveCandidate(DependencyDescriptor.java:254)
		at org.springframework.beans.factory.support.DefaultListableBeanFactory.doResolveDependency(DefaultListableBeanFactory.java:1443)
		at org.springframework.beans.factory.support.DefaultListableBeanFactory.resolveDependency(DefaultListableBeanFactory.java:1353)
		at org.springframework.beans.factory.support.ConstructorResolver.resolveAutowiredArgument(ConstructorResolver.java:904)
		at org.springframework.beans.factory.support.ConstructorResolver.createArgumentArray(ConstructorResolver.java:782)
		at org.springframework.beans.factory.support.ConstructorResolver.autowireConstructor(ConstructorResolver.java:237)
		at org.springframework.beans.factory.support.AbstractAutowireCapableBeanFactory.autowireConstructor(AbstractAutowireCapableBeanFactory.java:1375)
		at org.springframework.beans.factory.support.AbstractAutowireCapableBeanFactory.createBeanInstance(AbstractAutowireCapableBeanFactory.java:1212)
		at org.springframework.beans.factory.support.AbstractAutowireCapableBeanFactory.doCreateBean(AbstractAutowireCapableBeanFactory.java:562)
		at org.springframework.beans.factory.support.AbstractAutowireCapableBeanFactory.createBean(AbstractAutowireCapableBeanFactory.java:522)
		at org.springframework.beans.factory.support.AbstractBeanFactory.lambda$doGetBean$0(AbstractBeanFactory.java:337)
		at org.springframework.beans.factory.support.DefaultSingletonBeanRegistry.getSingleton(DefaultSingletonBeanRegistry.java:234)
		at org.springframework.beans.factory.support.AbstractBeanFactory.doGetBean(AbstractBeanFactory.java:335)
		at org.springframework.beans.factory.support.AbstractBeanFactory.getBean(AbstractBeanFactory.java:200)
		at org.springframework.beans.factory.support.DefaultListableBeanFactory.preInstantiateSingletons(DefaultListableBeanFactory.java:975)
		at org.springframework.context.support.AbstractApplicationContext.finishBeanFactoryInitialization(AbstractApplicationContext.java:971)
		at org.springframework.context.support.AbstractApplicationContext.refresh(AbstractApplicationContext.java:625)
		at org.springframework.boot.web.reactive.context.ReactiveWebServerApplicationContext.refresh(ReactiveWebServerApplicationContext.java:66)
		at org.springframework.boot.SpringApplication.refresh(SpringApplication.java:754)
		at org.springframework.boot.SpringApplication.refreshContext(SpringApplication.java:456)
		at org.springframework.boot.SpringApplication.run(SpringApplication.java:335)
		at org.springframework.boot.SpringApplication.run(SpringApplication.java:1363)
		at org.springframework.boot.SpringApplication.run(SpringApplication.java:1352)
		at com.microservices.api.reactive.elastic.query.service.ReactiveElasticQueryServiceApplication.main(com.microservices.api.reactive.elastic.query.service.ReactiveElasticQueryServiceApplication.java:11)
Caused by: java.lang.RuntimeException: Connection refused
	at org.springframework.data.elasticsearch.client.elc.ElasticsearchExceptionTranslator.translateException(ElasticsearchExceptionTranslator.java:64)
	... 35 common frames omitted
Caused by: java.net.ConnectException: Connection refused
	at java.base/sun.nio.ch.Net.pollConnect(Native Method)
	at java.base/sun.nio.ch.Net.pollConnectNow(Net.java:682)
	at java.base/sun.nio.ch.SocketChannelImpl.finishConnect(SocketChannelImpl.java:973)
	at org.apache.http.impl.nio.reactor.DefaultConnectingIOReactor.processEvent(DefaultConnectingIOReactor.java:174)
	... 5 common frames omitted
2024-09-24 23:34:31 [background-preinit] INFO  o.h.validator.internal.util.Version - HV000001: Hibernate Validator 8.0.1.Final
2024-09-24 23:34:31 [main] INFO  com.microservices.api.reactive.elastic.query.service.ReactiveElasticQueryServiceApplication - Starting com.microservices.api.reactive.elastic.query.service.ReactiveElasticQueryServiceApplication using Java 21.0.2 with PID 46433 (/Users/amanbhardwaj/Desktop/microservices-api/reactive-elastic-query-service/target/classes started by amanbhardwaj in /Users/amanbhardwaj/Desktop/microservices-api/reactive-elastic-query-service)
2024-09-24 23:34:31 [main] INFO  com.microservices.api.reactive.elastic.query.service.ReactiveElasticQueryServiceApplication - The following 1 profile is active: "reactive_elastic_query"
2024-09-24 23:34:31 [main] INFO  o.s.c.c.c.ConfigServerConfigDataLoader - Fetching config from server at : http://localhost:8888
2024-09-24 23:34:31 [main] INFO  o.s.c.c.c.ConfigServerConfigDataLoader - Located environment: name=reactive-elastic-query-service,config-client, profiles=[default], label=null, version=0219490cf38790aef3cec38047e3ddd6df517832, state=null
2024-09-24 23:34:31 [main] INFO  o.s.c.c.c.ConfigServerConfigDataLoader - Fetching config from server at : http://localhost:8888
2024-09-24 23:34:31 [main] INFO  o.s.c.c.c.ConfigServerConfigDataLoader - Located environment: name=reactive-elastic-query-service,config-client, profiles=[reactive_elastic_query], label=null, version=0219490cf38790aef3cec38047e3ddd6df517832, state=null
2024-09-24 23:34:31 [main] WARN  o.s.b.c.ConfigurationWarningsApplicationContextInitializer - 

** WARNING ** : Your ApplicationContext is unlikely to start due to a @ComponentScan of the default package.


2024-09-24 23:34:32 [main] WARN  o.s.b.w.r.c.AnnotationConfigReactiveWebServerApplicationContext - Exception encountered during context initialization - cancelling refresh attempt: org.springframework.beans.factory.BeanDefinitionStoreException: Failed to read candidate component class: URL [jar:file:/Users/amanbhardwaj/.m2/repository/org/springframework/boot/spring-boot-autoconfigure/3.3.3/spring-boot-autoconfigure-3.3.3.jar!/org/springframework/boot/autoconfigure/jdbc/DataSourceAutoConfiguration$EmbeddedDatabaseConfiguration.class]
2024-09-24 23:34:32 [main] INFO  o.s.b.a.l.ConditionEvaluationReportLogger - 

Error starting ApplicationContext. To display the condition evaluation report re-run your application with 'debug' enabled.
2024-09-24 23:34:32 [main] ERROR o.s.boot.SpringApplication - Application run failed
org.springframework.beans.factory.BeanDefinitionStoreException: Failed to read candidate component class: URL [jar:file:/Users/amanbhardwaj/.m2/repository/org/springframework/boot/spring-boot-autoconfigure/3.3.3/spring-boot-autoconfigure-3.3.3.jar!/org/springframework/boot/autoconfigure/jdbc/DataSourceAutoConfiguration$EmbeddedDatabaseConfiguration.class]
	at org.springframework.context.annotation.ClassPathScanningCandidateComponentProvider.scanCandidateComponents(ClassPathScanningCandidateComponentProvider.java:510)
	at org.springframework.context.annotation.ClassPathScanningCandidateComponentProvider.findCandidateComponents(ClassPathScanningCandidateComponentProvider.java:351)
	at org.springframework.context.annotation.ClassPathBeanDefinitionScanner.doScan(ClassPathBeanDefinitionScanner.java:277)
	at org.springframework.context.annotation.ComponentScanAnnotationParser.parse(ComponentScanAnnotationParser.java:128)
	at org.springframework.context.annotation.ConfigurationClassParser.doProcessConfigurationClass(ConfigurationClassParser.java:306)
	at org.springframework.context.annotation.ConfigurationClassParser.processConfigurationClass(ConfigurationClassParser.java:246)
	at org.springframework.context.annotation.ConfigurationClassParser.parse(ConfigurationClassParser.java:197)
	at org.springframework.context.annotation.ConfigurationClassParser.parse(ConfigurationClassParser.java:165)
	at org.springframework.context.annotation.ConfigurationClassPostProcessor.processConfigBeanDefinitions(ConfigurationClassPostProcessor.java:417)
	at org.springframework.context.annotation.ConfigurationClassPostProcessor.postProcessBeanDefinitionRegistry(ConfigurationClassPostProcessor.java:290)
	at org.springframework.context.support.PostProcessorRegistrationDelegate.invokeBeanDefinitionRegistryPostProcessors(PostProcessorRegistrationDelegate.java:349)
	at org.springframework.context.support.PostProcessorRegistrationDelegate.invokeBeanFactoryPostProcessors(PostProcessorRegistrationDelegate.java:118)
	at org.springframework.context.support.AbstractApplicationContext.invokeBeanFactoryPostProcessors(AbstractApplicationContext.java:789)
	at org.springframework.context.support.AbstractApplicationContext.refresh(AbstractApplicationContext.java:607)
	at org.springframework.boot.web.reactive.context.ReactiveWebServerApplicationContext.refresh(ReactiveWebServerApplicationContext.java:66)
	at org.springframework.boot.SpringApplication.refresh(SpringApplication.java:754)
	at org.springframework.boot.SpringApplication.refreshContext(SpringApplication.java:456)
	at org.springframework.boot.SpringApplication.run(SpringApplication.java:335)
	at org.springframework.boot.SpringApplication.run(SpringApplication.java:1363)
	at org.springframework.boot.SpringApplication.run(SpringApplication.java:1352)
	at com.microservices.api.reactive.elastic.query.service.ReactiveElasticQueryServiceApplication.main(com.microservices.api.reactive.elastic.query.service.ReactiveElasticQueryServiceApplication.java:11)
Caused by: java.lang.IllegalStateException: Could not evaluate condition on org.springframework.boot.autoconfigure.jdbc.DataSourceAutoConfiguration$EmbeddedDatabaseConfiguration due to org/springframework/jdbc/core/ConnectionCallback not found. Make sure your own configuration does not rely on that class. This can also happen if you are @ComponentScanning a springframework package (e.g. if you put a @ComponentScan in the default package by mistake)
	at org.springframework.boot.autoconfigure.condition.SpringBootCondition.matches(SpringBootCondition.java:54)
	at org.springframework.context.annotation.ConditionEvaluator.shouldSkip(ConditionEvaluator.java:108)
	at org.springframework.context.annotation.ConditionEvaluator.shouldSkip(ConditionEvaluator.java:88)
	at org.springframework.context.annotation.ConditionEvaluator.shouldSkip(ConditionEvaluator.java:71)
	at org.springframework.context.annotation.ClassPathScanningCandidateComponentProvider.isConditionMatch(ClassPathScanningCandidateComponentProvider.java:564)
	at org.springframework.context.annotation.ClassPathScanningCandidateComponentProvider.isCandidateComponent(ClassPathScanningCandidateComponentProvider.java:547)
	at org.springframework.context.annotation.ClassPathScanningCandidateComponentProvider.scanCandidateComponents(ClassPathScanningCandidateComponentProvider.java:471)
	... 20 common frames omitted
Caused by: java.lang.NoClassDefFoundError: org/springframework/jdbc/core/ConnectionCallback
	at org.springframework.boot.autoconfigure.jdbc.DataSourceAutoConfiguration$EmbeddedDatabaseCondition.getMatchOutcome(DataSourceAutoConfiguration.java:146)
	at org.springframework.boot.autoconfigure.condition.SpringBootCondition.matches(SpringBootCondition.java:47)
	... 26 common frames omitted
Caused by: java.lang.ClassNotFoundException: org.springframework.jdbc.core.ConnectionCallback
	at java.base/jdk.internal.loader.BuiltinClassLoader.loadClass(BuiltinClassLoader.java:641)
	at java.base/jdk.internal.loader.ClassLoaders$AppClassLoader.loadClass(ClassLoaders.java:188)
	at java.base/java.lang.ClassLoader.loadClass(ClassLoader.java:526)
	... 28 common frames omitted
