2024-09-23 11:57:10 [background-preinit] INFO  o.h.validator.internal.util.Version - HV000001: Hibernate Validator 8.0.1.Final
2024-09-23 11:57:11 [main] INFO  c.m.api.config.server.ConfigServer - Starting ConfigServer v0.0.1-SNAPSHOT using Java 21.0.4 with PID 1 (/workspace/BOOT-INF/classes started by cnb in /workspace)
2024-09-23 11:57:11 [main] INFO  c.m.api.config.server.ConfigServer - No active profile set, falling back to 1 default profile: "default"
2024-09-23 11:57:41 [main] INFO  o.s.cloud.context.scope.GenericScope - BeanFactory id=0737c797-966a-322b-b690-b8da4511957e
2024-09-23 11:57:41 [main] INFO  c.u.j.c.EnableEncryptablePropertiesBeanFactoryPostProcessor - Post-processing PropertySource instances
2024-09-23 11:57:41 [main] INFO  c.u.j.EncryptablePropertySourceConverter - Skipping PropertySource configurationProperties [class org.springframework.boot.context.properties.source.ConfigurationPropertySourcesPropertySource
2024-09-23 11:57:41 [main] INFO  c.u.j.EncryptablePropertySourceConverter - Skipping PropertySource servletConfigInitParams [class org.springframework.core.env.PropertySource$StubPropertySource
2024-09-23 11:57:41 [main] INFO  c.u.j.EncryptablePropertySourceConverter - Skipping PropertySource servletContextInitParams [class org.springframework.core.env.PropertySource$StubPropertySource
2024-09-23 11:57:41 [main] INFO  c.u.j.EncryptablePropertySourceConverter - Converting PropertySource systemProperties [org.springframework.core.env.PropertiesPropertySource] to EncryptableMapPropertySourceWrapper
2024-09-23 11:57:41 [main] INFO  c.u.j.EncryptablePropertySourceConverter - Converting PropertySource systemEnvironment [org.springframework.boot.env.SystemEnvironmentPropertySourceEnvironmentPostProcessor$OriginAwareSystemEnvironmentPropertySource] to EncryptableSystemEnvironmentPropertySourceWrapper
2024-09-23 11:57:41 [main] INFO  c.u.j.EncryptablePropertySourceConverter - Converting PropertySource random [org.springframework.boot.env.RandomValuePropertySource] to EncryptablePropertySourceWrapper
2024-09-23 11:57:41 [main] INFO  c.u.j.EncryptablePropertySourceConverter - Converting PropertySource cachedrandom [org.springframework.cloud.util.random.CachedRandomPropertySource] to EncryptablePropertySourceWrapper
2024-09-23 11:57:41 [main] INFO  c.u.j.EncryptablePropertySourceConverter - Converting PropertySource configServerClient [org.springframework.core.env.MapPropertySource] to EncryptableMapPropertySourceWrapper
2024-09-23 11:57:41 [main] INFO  c.u.j.EncryptablePropertySourceConverter - Converting PropertySource Config resource 'class path resource [application.yml]' via location 'optional:classpath:/' [org.springframework.boot.env.OriginTrackedMapPropertySource] to EncryptableMapPropertySourceWrapper
2024-09-23 11:57:41 [main] INFO  c.u.j.EncryptablePropertySourceConverter - Converting PropertySource springCloudClientHostInfo [org.springframework.core.env.MapPropertySource] to EncryptableMapPropertySourceWrapper
2024-09-23 11:57:47 [main] INFO  o.s.b.w.e.tomcat.TomcatWebServer - Tomcat initialized with port 8888 (http)
2024-09-23 11:57:47 [main] INFO  o.a.coyote.http11.Http11NioProtocol - Initializing ProtocolHandler ["http-nio-8888"]
2024-09-23 11:57:47 [main] INFO  o.a.catalina.core.StandardService - Starting service [Tomcat]
2024-09-23 11:57:47 [main] INFO  o.a.catalina.core.StandardEngine - Starting Servlet engine: [Apache Tomcat/10.1.28]
2024-09-23 11:57:49 [main] INFO  o.a.c.c.C.[Tomcat].[localhost].[/] - Initializing Spring embedded WebApplicationContext
2024-09-23 11:57:49 [main] INFO  o.s.b.w.s.c.ServletWebServerApplicationContext - Root WebApplicationContext: initialization completed in 36441 ms
2024-09-23 11:57:49 [main] INFO  c.u.j.f.DefaultLazyPropertyFilter - Property Filter custom Bean not found with name 'encryptablePropertyFilter'. Initializing Default Property Filter
2024-09-23 11:57:50 [main] INFO  c.u.j.r.DefaultLazyPropertyResolver - Property Resolver custom Bean not found with name 'encryptablePropertyResolver'. Initializing Default Property Resolver
2024-09-23 11:57:50 [main] INFO  c.u.j.d.DefaultLazyPropertyDetector - Property Detector custom Bean not found with name 'encryptablePropertyDetector'. Initializing Default Property Detector
2024-09-23 11:57:50 [main] INFO  c.u.j.encryptor.DefaultLazyEncryptor - String Encryptor custom Bean not found with name 'jasyptStringEncryptor'. Initializing Default String Encryptor
2024-09-23 11:57:50 [main] INFO  c.u.j.c.StringEncryptorBuilder - Encryptor config not found for property jasypt.encryptor.algorithm, using default value: PBEWITHHMACSHA512ANDAES_256
2024-09-23 11:57:50 [main] INFO  c.u.j.c.StringEncryptorBuilder - Encryptor config not found for property jasypt.encryptor.key-obtention-iterations, using default value: 1000
2024-09-23 11:57:50 [main] INFO  c.u.j.c.StringEncryptorBuilder - Encryptor config not found for property jasypt.encryptor.pool-size, using default value: 1
2024-09-23 11:57:50 [main] INFO  c.u.j.c.StringEncryptorBuilder - Encryptor config not found for property jasypt.encryptor.provider-name, using default value: null
2024-09-23 11:57:50 [main] INFO  c.u.j.c.StringEncryptorBuilder - Encryptor config not found for property jasypt.encryptor.provider-class-name, using default value: null
2024-09-23 11:57:50 [main] INFO  c.u.j.c.StringEncryptorBuilder - Encryptor config not found for property jasypt.encryptor.salt-generator-classname, using default value: org.jasypt.salt.RandomSaltGenerator
2024-09-23 11:57:51 [main] INFO  c.u.j.c.StringEncryptorBuilder - Encryptor config not found for property jasypt.encryptor.iv-generator-classname, using default value: org.jasypt.iv.RandomIvGenerator
2024-09-23 11:57:51 [main] INFO  c.u.j.c.StringEncryptorBuilder - Encryptor config not found for property jasypt.encryptor.string-output-type, using default value: base64
2024-09-23 11:58:08 [main] INFO  o.s.s.c.a.a.c.InitializeUserDetailsBeanManagerConfigurer$InitializeUserDetailsManagerConfigurer - Global AuthenticationManager configured with UserDetailsService bean with name inMemoryUserDetailsManager
2024-09-23 11:58:10 [main] WARN  o.s.s.c.a.web.builders.WebSecurity - You are asking Spring Security to ignore Deferred [Mvc [pattern='/actuator/**'], Ant [pattern='/actuator/**']]. This is not recommended -- please use permitAll via HttpSecurity#authorizeHttpRequests instead.
2024-09-23 11:58:10 [main] WARN  o.s.s.c.a.web.builders.WebSecurity - You are asking Spring Security to ignore Deferred [Mvc [pattern='/encrypt/**'], Ant [pattern='/encrypt/**']]. This is not recommended -- please use permitAll via HttpSecurity#authorizeHttpRequests instead.
2024-09-23 11:58:10 [main] WARN  o.s.s.c.a.web.builders.WebSecurity - You are asking Spring Security to ignore Deferred [Mvc [pattern='/decrypt/**'], Ant [pattern='/decrypt/**']]. This is not recommended -- please use permitAll via HttpSecurity#authorizeHttpRequests instead.
2024-09-23 11:58:20 [main] INFO  o.a.coyote.http11.Http11NioProtocol - Starting ProtocolHandler ["http-nio-8888"]
2024-09-23 11:58:20 [main] INFO  o.s.b.w.e.tomcat.TomcatWebServer - Tomcat started on port 8888 (http) with context path '/'
2024-09-23 11:58:20 [main] INFO  c.u.j.c.RefreshScopeRefreshedEventListener - Refreshing cached encryptable property sources on ServletWebServerInitializedEvent
2024-09-23 11:58:20 [main] INFO  c.u.j.c.CachingDelegateEncryptablePropertySource - Property Source systemProperties refreshed
2024-09-23 11:58:20 [main] INFO  c.u.j.c.CachingDelegateEncryptablePropertySource - Property Source systemEnvironment refreshed
2024-09-23 11:58:20 [main] INFO  c.u.j.c.CachingDelegateEncryptablePropertySource - Property Source random refreshed
2024-09-23 11:58:20 [main] INFO  c.u.j.c.CachingDelegateEncryptablePropertySource - Property Source cachedrandom refreshed
2024-09-23 11:58:20 [main] INFO  c.u.j.c.CachingDelegateEncryptablePropertySource - Property Source configServerClient refreshed
2024-09-23 11:58:20 [main] INFO  c.u.j.c.CachingDelegateEncryptablePropertySource - Property Source Config resource 'class path resource [application.yml]' via location 'optional:classpath:/' refreshed
2024-09-23 11:58:20 [main] INFO  c.u.j.c.CachingDelegateEncryptablePropertySource - Property Source springCloudClientHostInfo refreshed
2024-09-23 11:58:20 [main] INFO  c.u.j.EncryptablePropertySourceConverter - Skipping PropertySource configurationProperties [class org.springframework.boot.context.properties.source.ConfigurationPropertySourcesPropertySource
2024-09-23 11:58:20 [main] INFO  c.u.j.EncryptablePropertySourceConverter - Skipping PropertySource servletConfigInitParams [class org.springframework.core.env.PropertySource$StubPropertySource
2024-09-23 11:58:20 [main] INFO  c.u.j.EncryptablePropertySourceConverter - Converting PropertySource servletContextInitParams [org.springframework.web.context.support.ServletContextPropertySource] to EncryptableEnumerablePropertySourceWrapper
2024-09-23 11:58:20 [main] INFO  c.m.api.config.server.ConfigServer - Started ConfigServer in 78.496 seconds (process running for 88.616)
2024-09-23 11:58:30 [http-nio-8888-exec-1] INFO  o.a.c.c.C.[Tomcat].[localhost].[/] - Initializing Spring DispatcherServlet 'dispatcherServlet'
2024-09-23 11:58:30 [http-nio-8888-exec-1] INFO  o.s.web.servlet.DispatcherServlet - Initializing Servlet 'dispatcherServlet'
2024-09-23 11:58:30 [http-nio-8888-exec-1] INFO  o.s.web.servlet.DispatcherServlet - Completed initialization in 61 ms
2024-09-23 11:58:32 [http-nio-8888-exec-1] INFO  o.s.c.c.s.e.NativeEnvironmentRepository - Adding property source: Config resource 'file [/tmp/config-repo-8916485440217751604/config-client-twitter_to_kafka.yml]' via location 'file:/tmp/config-repo-8916485440217751604/'
2024-09-23 11:58:32 [http-nio-8888-exec-1] INFO  o.s.c.c.s.e.NativeEnvironmentRepository - Adding property source: Config resource 'file [/tmp/config-repo-8916485440217751604/config-client.yml]' via location 'file:/tmp/config-repo-8916485440217751604/'
2024-09-23 11:58:54 [http-nio-8888-exec-2] INFO  o.s.c.c.s.e.NativeEnvironmentRepository - Adding property source: Config resource 'file [/tmp/config-repo-8916485440217751604/config-client.yml]' via location 'file:/tmp/config-repo-8916485440217751604/'
2024-09-23 11:58:55 [http-nio-8888-exec-3] INFO  o.s.c.c.s.e.NativeEnvironmentRepository - Adding property source: Config resource 'file [/tmp/config-repo-8916485440217751604/config-client-kafka_to_elastic.yml]' via location 'file:/tmp/config-repo-8916485440217751604/'
2024-09-23 11:58:55 [http-nio-8888-exec-3] INFO  o.s.c.c.s.e.NativeEnvironmentRepository - Adding property source: Config resource 'file [/tmp/config-repo-8916485440217751604/config-client.yml]' via location 'file:/tmp/config-repo-8916485440217751604/'
2024-09-23 11:59:29 [http-nio-8888-exec-5] INFO  o.s.c.c.s.e.NativeEnvironmentRepository - Adding property source: Config resource 'file [/tmp/config-repo-8916485440217751604/config-client.yml]' via location 'file:/tmp/config-repo-8916485440217751604/'
2024-09-23 11:59:31 [http-nio-8888-exec-6] INFO  o.s.c.c.s.e.NativeEnvironmentRepository - Adding property source: Config resource 'file [/tmp/config-repo-8916485440217751604/config-client-kafka_to_elastic.yml]' via location 'file:/tmp/config-repo-8916485440217751604/'
2024-09-23 11:59:31 [http-nio-8888-exec-6] INFO  o.s.c.c.s.e.NativeEnvironmentRepository - Adding property source: Config resource 'file [/tmp/config-repo-8916485440217751604/config-client.yml]' via location 'file:/tmp/config-repo-8916485440217751604/'
2024-09-23 11:59:53 [http-nio-8888-exec-9] INFO  o.s.c.c.s.e.NativeEnvironmentRepository - Adding property source: Config resource 'file [/tmp/config-repo-8916485440217751604/config-client.yml]' via location 'file:/tmp/config-repo-8916485440217751604/'
2024-09-23 11:59:55 [http-nio-8888-exec-10] INFO  o.s.c.c.s.e.NativeEnvironmentRepository - Adding property source: Config resource 'file [/tmp/config-repo-8916485440217751604/config-client-kafka_to_elastic.yml]' via location 'file:/tmp/config-repo-8916485440217751604/'
2024-09-23 11:59:55 [http-nio-8888-exec-10] INFO  o.s.c.c.s.e.NativeEnvironmentRepository - Adding property source: Config resource 'file [/tmp/config-repo-8916485440217751604/config-client.yml]' via location 'file:/tmp/config-repo-8916485440217751604/'
2024-09-23 12:00:39 [http-nio-8888-exec-2] INFO  o.s.c.c.s.e.NativeEnvironmentRepository - Adding property source: Config resource 'file [/tmp/config-repo-8916485440217751604/config-client.yml]' via location 'file:/tmp/config-repo-8916485440217751604/'
2024-09-23 12:00:41 [http-nio-8888-exec-3] INFO  o.s.c.c.s.e.NativeEnvironmentRepository - Adding property source: Config resource 'file [/tmp/config-repo-8916485440217751604/config-client-kafka_to_elastic.yml]' via location 'file:/tmp/config-repo-8916485440217751604/'
2024-09-23 12:00:41 [http-nio-8888-exec-3] INFO  o.s.c.c.s.e.NativeEnvironmentRepository - Adding property source: Config resource 'file [/tmp/config-repo-8916485440217751604/config-client.yml]' via location 'file:/tmp/config-repo-8916485440217751604/'
2024-09-23 12:34:43 [background-preinit] INFO  o.h.validator.internal.util.Version - HV000001: Hibernate Validator 8.0.1.Final
2024-09-23 12:34:45 [main] INFO  c.m.api.config.server.ConfigServer - Starting ConfigServer v0.0.1-SNAPSHOT using Java 21.0.4 with PID 1 (/workspace/BOOT-INF/classes started by cnb in /workspace)
2024-09-23 12:34:45 [main] INFO  c.m.api.config.server.ConfigServer - No active profile set, falling back to 1 default profile: "default"
2024-09-23 12:35:16 [main] INFO  o.s.cloud.context.scope.GenericScope - BeanFactory id=0737c797-966a-322b-b690-b8da4511957e
2024-09-23 12:35:17 [main] INFO  c.u.j.c.EnableEncryptablePropertiesBeanFactoryPostProcessor - Post-processing PropertySource instances
2024-09-23 12:35:17 [main] INFO  c.u.j.EncryptablePropertySourceConverter - Skipping PropertySource configurationProperties [class org.springframework.boot.context.properties.source.ConfigurationPropertySourcesPropertySource
2024-09-23 12:35:17 [main] INFO  c.u.j.EncryptablePropertySourceConverter - Skipping PropertySource servletConfigInitParams [class org.springframework.core.env.PropertySource$StubPropertySource
2024-09-23 12:35:17 [main] INFO  c.u.j.EncryptablePropertySourceConverter - Skipping PropertySource servletContextInitParams [class org.springframework.core.env.PropertySource$StubPropertySource
2024-09-23 12:35:17 [main] INFO  c.u.j.EncryptablePropertySourceConverter - Converting PropertySource systemProperties [org.springframework.core.env.PropertiesPropertySource] to EncryptableMapPropertySourceWrapper
2024-09-23 12:35:17 [main] INFO  c.u.j.EncryptablePropertySourceConverter - Converting PropertySource systemEnvironment [org.springframework.boot.env.SystemEnvironmentPropertySourceEnvironmentPostProcessor$OriginAwareSystemEnvironmentPropertySource] to EncryptableSystemEnvironmentPropertySourceWrapper
2024-09-23 12:35:17 [main] INFO  c.u.j.EncryptablePropertySourceConverter - Converting PropertySource random [org.springframework.boot.env.RandomValuePropertySource] to EncryptablePropertySourceWrapper
2024-09-23 12:35:17 [main] INFO  c.u.j.EncryptablePropertySourceConverter - Converting PropertySource cachedrandom [org.springframework.cloud.util.random.CachedRandomPropertySource] to EncryptablePropertySourceWrapper
2024-09-23 12:35:17 [main] INFO  c.u.j.EncryptablePropertySourceConverter - Converting PropertySource configServerClient [org.springframework.core.env.MapPropertySource] to EncryptableMapPropertySourceWrapper
2024-09-23 12:35:17 [main] INFO  c.u.j.EncryptablePropertySourceConverter - Converting PropertySource Config resource 'class path resource [application.yml]' via location 'optional:classpath:/' [org.springframework.boot.env.OriginTrackedMapPropertySource] to EncryptableMapPropertySourceWrapper
2024-09-23 12:35:17 [main] INFO  c.u.j.EncryptablePropertySourceConverter - Converting PropertySource springCloudClientHostInfo [org.springframework.core.env.MapPropertySource] to EncryptableMapPropertySourceWrapper
2024-09-23 12:35:21 [main] INFO  o.s.b.w.e.tomcat.TomcatWebServer - Tomcat initialized with port 8888 (http)
2024-09-23 12:35:21 [main] INFO  o.a.coyote.http11.Http11NioProtocol - Initializing ProtocolHandler ["http-nio-8888"]
2024-09-23 12:35:21 [main] INFO  o.a.catalina.core.StandardService - Starting service [Tomcat]
2024-09-23 12:35:21 [main] INFO  o.a.catalina.core.StandardEngine - Starting Servlet engine: [Apache Tomcat/10.1.28]
2024-09-23 12:35:22 [main] INFO  o.a.c.c.C.[Tomcat].[localhost].[/] - Initializing Spring embedded WebApplicationContext
2024-09-23 12:35:22 [main] INFO  o.s.b.w.s.c.ServletWebServerApplicationContext - Root WebApplicationContext: initialization completed in 35604 ms
2024-09-23 12:35:22 [main] INFO  c.u.j.f.DefaultLazyPropertyFilter - Property Filter custom Bean not found with name 'encryptablePropertyFilter'. Initializing Default Property Filter
2024-09-23 12:35:22 [main] INFO  c.u.j.r.DefaultLazyPropertyResolver - Property Resolver custom Bean not found with name 'encryptablePropertyResolver'. Initializing Default Property Resolver
2024-09-23 12:35:22 [main] INFO  c.u.j.d.DefaultLazyPropertyDetector - Property Detector custom Bean not found with name 'encryptablePropertyDetector'. Initializing Default Property Detector
2024-09-23 12:35:22 [main] INFO  c.u.j.encryptor.DefaultLazyEncryptor - String Encryptor custom Bean not found with name 'jasyptStringEncryptor'. Initializing Default String Encryptor
2024-09-23 12:35:22 [main] INFO  c.u.j.c.StringEncryptorBuilder - Encryptor config not found for property jasypt.encryptor.algorithm, using default value: PBEWITHHMACSHA512ANDAES_256
2024-09-23 12:35:22 [main] INFO  c.u.j.c.StringEncryptorBuilder - Encryptor config not found for property jasypt.encryptor.key-obtention-iterations, using default value: 1000
2024-09-23 12:35:22 [main] INFO  c.u.j.c.StringEncryptorBuilder - Encryptor config not found for property jasypt.encryptor.pool-size, using default value: 1
2024-09-23 12:35:22 [main] INFO  c.u.j.c.StringEncryptorBuilder - Encryptor config not found for property jasypt.encryptor.provider-name, using default value: null
2024-09-23 12:35:22 [main] INFO  c.u.j.c.StringEncryptorBuilder - Encryptor config not found for property jasypt.encryptor.provider-class-name, using default value: null
2024-09-23 12:35:22 [main] INFO  c.u.j.c.StringEncryptorBuilder - Encryptor config not found for property jasypt.encryptor.salt-generator-classname, using default value: org.jasypt.salt.RandomSaltGenerator
2024-09-23 12:35:22 [main] INFO  c.u.j.c.StringEncryptorBuilder - Encryptor config not found for property jasypt.encryptor.iv-generator-classname, using default value: org.jasypt.iv.RandomIvGenerator
2024-09-23 12:35:22 [main] INFO  c.u.j.c.StringEncryptorBuilder - Encryptor config not found for property jasypt.encryptor.string-output-type, using default value: base64
2024-09-23 12:35:45 [main] INFO  o.s.s.c.a.a.c.InitializeUserDetailsBeanManagerConfigurer$InitializeUserDetailsManagerConfigurer - Global AuthenticationManager configured with UserDetailsService bean with name inMemoryUserDetailsManager
2024-09-23 12:35:46 [main] WARN  o.s.s.c.a.web.builders.WebSecurity - You are asking Spring Security to ignore Deferred [Mvc [pattern='/actuator/**'], Ant [pattern='/actuator/**']]. This is not recommended -- please use permitAll via HttpSecurity#authorizeHttpRequests instead.
2024-09-23 12:35:46 [main] WARN  o.s.s.c.a.web.builders.WebSecurity - You are asking Spring Security to ignore Deferred [Mvc [pattern='/encrypt/**'], Ant [pattern='/encrypt/**']]. This is not recommended -- please use permitAll via HttpSecurity#authorizeHttpRequests instead.
2024-09-23 12:35:46 [main] WARN  o.s.s.c.a.web.builders.WebSecurity - You are asking Spring Security to ignore Deferred [Mvc [pattern='/decrypt/**'], Ant [pattern='/decrypt/**']]. This is not recommended -- please use permitAll via HttpSecurity#authorizeHttpRequests instead.
2024-09-23 12:35:56 [main] INFO  o.a.coyote.http11.Http11NioProtocol - Starting ProtocolHandler ["http-nio-8888"]
2024-09-23 12:35:56 [main] INFO  o.s.b.w.e.tomcat.TomcatWebServer - Tomcat started on port 8888 (http) with context path '/'
2024-09-23 12:35:56 [main] INFO  c.u.j.c.RefreshScopeRefreshedEventListener - Refreshing cached encryptable property sources on ServletWebServerInitializedEvent
2024-09-23 12:35:56 [main] INFO  c.u.j.c.CachingDelegateEncryptablePropertySource - Property Source systemProperties refreshed
2024-09-23 12:35:56 [main] INFO  c.u.j.c.CachingDelegateEncryptablePropertySource - Property Source systemEnvironment refreshed
2024-09-23 12:35:56 [main] INFO  c.u.j.c.CachingDelegateEncryptablePropertySource - Property Source random refreshed
2024-09-23 12:35:56 [main] INFO  c.u.j.c.CachingDelegateEncryptablePropertySource - Property Source cachedrandom refreshed
2024-09-23 12:35:56 [main] INFO  c.u.j.c.CachingDelegateEncryptablePropertySource - Property Source configServerClient refreshed
2024-09-23 12:35:56 [main] INFO  c.u.j.c.CachingDelegateEncryptablePropertySource - Property Source Config resource 'class path resource [application.yml]' via location 'optional:classpath:/' refreshed
2024-09-23 12:35:56 [main] INFO  c.u.j.c.CachingDelegateEncryptablePropertySource - Property Source springCloudClientHostInfo refreshed
2024-09-23 12:35:56 [main] INFO  c.u.j.EncryptablePropertySourceConverter - Skipping PropertySource configurationProperties [class org.springframework.boot.context.properties.source.ConfigurationPropertySourcesPropertySource
2024-09-23 12:35:56 [main] INFO  c.u.j.EncryptablePropertySourceConverter - Skipping PropertySource servletConfigInitParams [class org.springframework.core.env.PropertySource$StubPropertySource
2024-09-23 12:35:56 [main] INFO  c.u.j.EncryptablePropertySourceConverter - Converting PropertySource servletContextInitParams [org.springframework.web.context.support.ServletContextPropertySource] to EncryptableEnumerablePropertySourceWrapper
2024-09-23 12:35:56 [main] INFO  c.m.api.config.server.ConfigServer - Started ConfigServer in 77.185 seconds (process running for 84.387)
2024-09-23 12:36:23 [http-nio-8888-exec-1] INFO  o.a.c.c.C.[Tomcat].[localhost].[/] - Initializing Spring DispatcherServlet 'dispatcherServlet'
2024-09-23 12:36:23 [http-nio-8888-exec-1] INFO  o.s.web.servlet.DispatcherServlet - Initializing Servlet 'dispatcherServlet'
2024-09-23 12:36:23 [http-nio-8888-exec-1] INFO  o.s.web.servlet.DispatcherServlet - Completed initialization in 9 ms
2024-09-23 12:36:25 [http-nio-8888-exec-1] INFO  o.s.c.c.s.e.NativeEnvironmentRepository - Adding property source: Config resource 'file [/tmp/config-repo-2394702013553385577/config-client-twitter_to_kafka.yml]' via location 'file:/tmp/config-repo-2394702013553385577/'
2024-09-23 12:36:25 [http-nio-8888-exec-1] INFO  o.s.c.c.s.e.NativeEnvironmentRepository - Adding property source: Config resource 'file [/tmp/config-repo-2394702013553385577/config-client.yml]' via location 'file:/tmp/config-repo-2394702013553385577/'
2024-09-23 12:37:07 [http-nio-8888-exec-2] INFO  o.s.c.c.s.e.NativeEnvironmentRepository - Adding property source: Config resource 'file [/tmp/config-repo-2394702013553385577/config-client.yml]' via location 'file:/tmp/config-repo-2394702013553385577/'
2024-09-23 12:37:09 [http-nio-8888-exec-3] INFO  o.s.c.c.s.e.NativeEnvironmentRepository - Adding property source: Config resource 'file [/tmp/config-repo-2394702013553385577/config-client-kafka_to_elastic.yml]' via location 'file:/tmp/config-repo-2394702013553385577/'
2024-09-23 12:37:09 [http-nio-8888-exec-3] INFO  o.s.c.c.s.e.NativeEnvironmentRepository - Adding property source: Config resource 'file [/tmp/config-repo-2394702013553385577/config-client.yml]' via location 'file:/tmp/config-repo-2394702013553385577/'
2024-09-23 12:37:22 [http-nio-8888-exec-4] INFO  o.s.c.c.s.e.NativeEnvironmentRepository - Adding property source: Config resource 'file [/tmp/config-repo-2394702013553385577/config-client.yml]' via location 'file:/tmp/config-repo-2394702013553385577/'
2024-09-23 12:37:24 [http-nio-8888-exec-5] INFO  o.s.c.c.s.e.NativeEnvironmentRepository - Adding property source: Config resource 'file [/tmp/config-repo-2394702013553385577/config-client-elastic_query.yml]' via location 'file:/tmp/config-repo-2394702013553385577/'
2024-09-23 12:37:24 [http-nio-8888-exec-5] INFO  o.s.c.c.s.e.NativeEnvironmentRepository - Adding property source: Config resource 'file [/tmp/config-repo-2394702013553385577/config-client.yml]' via location 'file:/tmp/config-repo-2394702013553385577/'
2024-09-23 12:37:48 [http-nio-8888-exec-7] INFO  o.s.c.c.s.e.NativeEnvironmentRepository - Adding property source: Config resource 'file [/tmp/config-repo-2394702013553385577/config-client.yml]' via location 'file:/tmp/config-repo-2394702013553385577/'
2024-09-23 12:37:50 [http-nio-8888-exec-8] INFO  o.s.c.c.s.e.NativeEnvironmentRepository - Adding property source: Config resource 'file [/tmp/config-repo-2394702013553385577/config-client-elastic_query_web.yml]' via location 'file:/tmp/config-repo-2394702013553385577/'
2024-09-23 12:37:50 [http-nio-8888-exec-8] INFO  o.s.c.c.s.e.NativeEnvironmentRepository - Adding property source: Config resource 'file [/tmp/config-repo-2394702013553385577/config-client.yml]' via location 'file:/tmp/config-repo-2394702013553385577/'
2024-09-23 13:18:36 [background-preinit] INFO  o.h.validator.internal.util.Version - HV000001: Hibernate Validator 8.0.1.Final
2024-09-23 13:18:37 [main] INFO  c.m.api.config.server.ConfigServer - Starting ConfigServer v0.0.1-SNAPSHOT using Java 21.0.4 with PID 1 (/workspace/BOOT-INF/classes started by cnb in /workspace)
2024-09-23 13:18:37 [main] INFO  c.m.api.config.server.ConfigServer - No active profile set, falling back to 1 default profile: "default"
2024-09-23 13:19:02 [main] INFO  o.s.cloud.context.scope.GenericScope - BeanFactory id=0737c797-966a-322b-b690-b8da4511957e
2024-09-23 13:19:03 [main] INFO  c.u.j.c.EnableEncryptablePropertiesBeanFactoryPostProcessor - Post-processing PropertySource instances
2024-09-23 13:19:03 [main] INFO  c.u.j.EncryptablePropertySourceConverter - Skipping PropertySource configurationProperties [class org.springframework.boot.context.properties.source.ConfigurationPropertySourcesPropertySource
2024-09-23 13:19:03 [main] INFO  c.u.j.EncryptablePropertySourceConverter - Skipping PropertySource servletConfigInitParams [class org.springframework.core.env.PropertySource$StubPropertySource
2024-09-23 13:19:03 [main] INFO  c.u.j.EncryptablePropertySourceConverter - Skipping PropertySource servletContextInitParams [class org.springframework.core.env.PropertySource$StubPropertySource
2024-09-23 13:19:03 [main] INFO  c.u.j.EncryptablePropertySourceConverter - Converting PropertySource systemProperties [org.springframework.core.env.PropertiesPropertySource] to EncryptableMapPropertySourceWrapper
2024-09-23 13:19:03 [main] INFO  c.u.j.EncryptablePropertySourceConverter - Converting PropertySource systemEnvironment [org.springframework.boot.env.SystemEnvironmentPropertySourceEnvironmentPostProcessor$OriginAwareSystemEnvironmentPropertySource] to EncryptableSystemEnvironmentPropertySourceWrapper
2024-09-23 13:19:03 [main] INFO  c.u.j.EncryptablePropertySourceConverter - Converting PropertySource random [org.springframework.boot.env.RandomValuePropertySource] to EncryptablePropertySourceWrapper
2024-09-23 13:19:03 [main] INFO  c.u.j.EncryptablePropertySourceConverter - Converting PropertySource cachedrandom [org.springframework.cloud.util.random.CachedRandomPropertySource] to EncryptablePropertySourceWrapper
2024-09-23 13:19:03 [main] INFO  c.u.j.EncryptablePropertySourceConverter - Converting PropertySource configServerClient [org.springframework.core.env.MapPropertySource] to EncryptableMapPropertySourceWrapper
2024-09-23 13:19:03 [main] INFO  c.u.j.EncryptablePropertySourceConverter - Converting PropertySource Config resource 'class path resource [application.yml]' via location 'optional:classpath:/' [org.springframework.boot.env.OriginTrackedMapPropertySource] to EncryptableMapPropertySourceWrapper
2024-09-23 13:19:03 [main] INFO  c.u.j.EncryptablePropertySourceConverter - Converting PropertySource springCloudClientHostInfo [org.springframework.core.env.MapPropertySource] to EncryptableMapPropertySourceWrapper
2024-09-23 13:19:05 [main] INFO  o.s.b.w.e.tomcat.TomcatWebServer - Tomcat initialized with port 8888 (http)
2024-09-23 13:19:05 [main] INFO  o.a.coyote.http11.Http11NioProtocol - Initializing ProtocolHandler ["http-nio-8888"]
2024-09-23 13:19:05 [main] INFO  o.a.catalina.core.StandardService - Starting service [Tomcat]
2024-09-23 13:19:05 [main] INFO  o.a.catalina.core.StandardEngine - Starting Servlet engine: [Apache Tomcat/10.1.28]
2024-09-23 13:19:06 [main] INFO  o.a.c.c.C.[Tomcat].[localhost].[/] - Initializing Spring embedded WebApplicationContext
2024-09-23 13:19:06 [main] INFO  o.s.b.w.s.c.ServletWebServerApplicationContext - Root WebApplicationContext: initialization completed in 27058 ms
2024-09-23 13:19:06 [main] INFO  c.u.j.f.DefaultLazyPropertyFilter - Property Filter custom Bean not found with name 'encryptablePropertyFilter'. Initializing Default Property Filter
2024-09-23 13:19:06 [main] INFO  c.u.j.r.DefaultLazyPropertyResolver - Property Resolver custom Bean not found with name 'encryptablePropertyResolver'. Initializing Default Property Resolver
2024-09-23 13:19:06 [main] INFO  c.u.j.d.DefaultLazyPropertyDetector - Property Detector custom Bean not found with name 'encryptablePropertyDetector'. Initializing Default Property Detector
2024-09-23 13:19:06 [main] INFO  c.u.j.encryptor.DefaultLazyEncryptor - String Encryptor custom Bean not found with name 'jasyptStringEncryptor'. Initializing Default String Encryptor
2024-09-23 13:19:06 [main] INFO  c.u.j.c.StringEncryptorBuilder - Encryptor config not found for property jasypt.encryptor.algorithm, using default value: PBEWITHHMACSHA512ANDAES_256
2024-09-23 13:19:06 [main] INFO  c.u.j.c.StringEncryptorBuilder - Encryptor config not found for property jasypt.encryptor.key-obtention-iterations, using default value: 1000
2024-09-23 13:19:06 [main] INFO  c.u.j.c.StringEncryptorBuilder - Encryptor config not found for property jasypt.encryptor.pool-size, using default value: 1
2024-09-23 13:19:06 [main] INFO  c.u.j.c.StringEncryptorBuilder - Encryptor config not found for property jasypt.encryptor.provider-name, using default value: null
2024-09-23 13:19:06 [main] INFO  c.u.j.c.StringEncryptorBuilder - Encryptor config not found for property jasypt.encryptor.provider-class-name, using default value: null
2024-09-23 13:19:06 [main] INFO  c.u.j.c.StringEncryptorBuilder - Encryptor config not found for property jasypt.encryptor.salt-generator-classname, using default value: org.jasypt.salt.RandomSaltGenerator
2024-09-23 13:19:06 [main] INFO  c.u.j.c.StringEncryptorBuilder - Encryptor config not found for property jasypt.encryptor.iv-generator-classname, using default value: org.jasypt.iv.RandomIvGenerator
2024-09-23 13:19:06 [main] INFO  c.u.j.c.StringEncryptorBuilder - Encryptor config not found for property jasypt.encryptor.string-output-type, using default value: base64
2024-09-23 13:19:20 [main] INFO  o.s.s.c.a.a.c.InitializeUserDetailsBeanManagerConfigurer$InitializeUserDetailsManagerConfigurer - Global AuthenticationManager configured with UserDetailsService bean with name inMemoryUserDetailsManager
2024-09-23 13:19:20 [main] WARN  o.s.s.c.a.web.builders.WebSecurity - You are asking Spring Security to ignore Deferred [Mvc [pattern='/actuator/**'], Ant [pattern='/actuator/**']]. This is not recommended -- please use permitAll via HttpSecurity#authorizeHttpRequests instead.
2024-09-23 13:19:20 [main] WARN  o.s.s.c.a.web.builders.WebSecurity - You are asking Spring Security to ignore Deferred [Mvc [pattern='/encrypt/**'], Ant [pattern='/encrypt/**']]. This is not recommended -- please use permitAll via HttpSecurity#authorizeHttpRequests instead.
2024-09-23 13:19:20 [main] WARN  o.s.s.c.a.web.builders.WebSecurity - You are asking Spring Security to ignore Deferred [Mvc [pattern='/decrypt/**'], Ant [pattern='/decrypt/**']]. This is not recommended -- please use permitAll via HttpSecurity#authorizeHttpRequests instead.
2024-09-23 13:19:33 [main] INFO  o.a.coyote.http11.Http11NioProtocol - Starting ProtocolHandler ["http-nio-8888"]
2024-09-23 13:19:33 [main] INFO  o.s.b.w.e.tomcat.TomcatWebServer - Tomcat started on port 8888 (http) with context path '/'
2024-09-23 13:19:33 [main] INFO  c.u.j.c.RefreshScopeRefreshedEventListener - Refreshing cached encryptable property sources on ServletWebServerInitializedEvent
2024-09-23 13:19:33 [main] INFO  c.u.j.c.CachingDelegateEncryptablePropertySource - Property Source systemProperties refreshed
2024-09-23 13:19:33 [main] INFO  c.u.j.c.CachingDelegateEncryptablePropertySource - Property Source systemEnvironment refreshed
2024-09-23 13:19:33 [main] INFO  c.u.j.c.CachingDelegateEncryptablePropertySource - Property Source random refreshed
2024-09-23 13:19:33 [main] INFO  c.u.j.c.CachingDelegateEncryptablePropertySource - Property Source cachedrandom refreshed
2024-09-23 13:19:33 [main] INFO  c.u.j.c.CachingDelegateEncryptablePropertySource - Property Source configServerClient refreshed
2024-09-23 13:19:33 [main] INFO  c.u.j.c.CachingDelegateEncryptablePropertySource - Property Source Config resource 'class path resource [application.yml]' via location 'optional:classpath:/' refreshed
2024-09-23 13:19:33 [main] INFO  c.u.j.c.CachingDelegateEncryptablePropertySource - Property Source springCloudClientHostInfo refreshed
2024-09-23 13:19:33 [main] INFO  c.u.j.EncryptablePropertySourceConverter - Skipping PropertySource configurationProperties [class org.springframework.boot.context.properties.source.ConfigurationPropertySourcesPropertySource
2024-09-23 13:19:33 [main] INFO  c.u.j.EncryptablePropertySourceConverter - Skipping PropertySource servletConfigInitParams [class org.springframework.core.env.PropertySource$StubPropertySource
2024-09-23 13:19:33 [main] INFO  c.u.j.EncryptablePropertySourceConverter - Converting PropertySource servletContextInitParams [org.springframework.web.context.support.ServletContextPropertySource] to EncryptableEnumerablePropertySourceWrapper
2024-09-23 13:19:33 [main] INFO  c.m.api.config.server.ConfigServer - Started ConfigServer in 62.339 seconds (process running for 70.399)
2024-09-23 13:20:15 [http-nio-8888-exec-2] INFO  o.a.c.c.C.[Tomcat].[localhost].[/] - Initializing Spring DispatcherServlet 'dispatcherServlet'
2024-09-23 13:20:15 [http-nio-8888-exec-2] INFO  o.s.web.servlet.DispatcherServlet - Initializing Servlet 'dispatcherServlet'
2024-09-23 13:20:15 [http-nio-8888-exec-2] INFO  o.s.web.servlet.DispatcherServlet - Completed initialization in 13 ms
2024-09-23 13:20:17 [http-nio-8888-exec-2] INFO  o.s.c.c.s.e.NativeEnvironmentRepository - Adding property source: Config resource 'file [/tmp/config-repo-13959143790204557097/config-client-twitter_to_kafka.yml]' via location 'file:/tmp/config-repo-13959143790204557097/'
2024-09-23 13:20:17 [http-nio-8888-exec-2] INFO  o.s.c.c.s.e.NativeEnvironmentRepository - Adding property source: Config resource 'file [/tmp/config-repo-13959143790204557097/config-client.yml]' via location 'file:/tmp/config-repo-13959143790204557097/'
2024-09-23 13:20:37 [http-nio-8888-exec-1] INFO  o.s.c.c.s.e.NativeEnvironmentRepository - Adding property source: Config resource 'file [/tmp/config-repo-13959143790204557097/config-client.yml]' via location 'file:/tmp/config-repo-13959143790204557097/'
2024-09-23 13:20:39 [http-nio-8888-exec-3] INFO  o.s.c.c.s.e.NativeEnvironmentRepository - Adding property source: Config resource 'file [/tmp/config-repo-13959143790204557097/config-client-kafka_to_elastic.yml]' via location 'file:/tmp/config-repo-13959143790204557097/'
2024-09-23 13:20:39 [http-nio-8888-exec-3] INFO  o.s.c.c.s.e.NativeEnvironmentRepository - Adding property source: Config resource 'file [/tmp/config-repo-13959143790204557097/config-client.yml]' via location 'file:/tmp/config-repo-13959143790204557097/'
2024-09-23 13:20:50 [http-nio-8888-exec-4] INFO  o.s.c.c.s.e.NativeEnvironmentRepository - Adding property source: Config resource 'file [/tmp/config-repo-13959143790204557097/config-client.yml]' via location 'file:/tmp/config-repo-13959143790204557097/'
2024-09-23 13:20:52 [http-nio-8888-exec-5] INFO  o.s.c.c.s.e.NativeEnvironmentRepository - Adding property source: Config resource 'file [/tmp/config-repo-13959143790204557097/config-client-elastic_query.yml]' via location 'file:/tmp/config-repo-13959143790204557097/'
2024-09-23 13:20:52 [http-nio-8888-exec-5] INFO  o.s.c.c.s.e.NativeEnvironmentRepository - Adding property source: Config resource 'file [/tmp/config-repo-13959143790204557097/config-client.yml]' via location 'file:/tmp/config-repo-13959143790204557097/'
2024-09-23 13:21:16 [http-nio-8888-exec-6] INFO  o.s.c.c.s.e.NativeEnvironmentRepository - Adding property source: Config resource 'file [/tmp/config-repo-13959143790204557097/config-client.yml]' via location 'file:/tmp/config-repo-13959143790204557097/'
2024-09-23 13:21:18 [http-nio-8888-exec-7] INFO  o.s.c.c.s.e.NativeEnvironmentRepository - Adding property source: Config resource 'file [/tmp/config-repo-13959143790204557097/config-client-elastic_query_web.yml]' via location 'file:/tmp/config-repo-13959143790204557097/'
2024-09-23 13:21:18 [http-nio-8888-exec-7] INFO  o.s.c.c.s.e.NativeEnvironmentRepository - Adding property source: Config resource 'file [/tmp/config-repo-13959143790204557097/config-client.yml]' via location 'file:/tmp/config-repo-13959143790204557097/'
